[INFO ] 2020-04-14 20:23:00 [restartedMain] [com.cognizant.ams.EmailApplication] ====message: Starting EmailApplication on GeorgeChan with PID 1640 (C:\Users\75438\Desktop\git\NewEmail\target\classes started by 75438 in C:\Users\75438\Desktop\git\NewEmail)
[INFO ] 2020-04-14 20:23:00 [restartedMain] [com.cognizant.ams.EmailApplication] ====message: The following profiles are active: local
[INFO ] 2020-04-14 20:23:00 [restartedMain] [o.s.b.d.restart.ChangeableUrls] ====message: The Class-Path manifest attribute in D:\1_JavaDevelopment\maven\repository\com\mchange\c3p0\0.9.5.4\c3p0-0.9.5.4.jar referenced one or more files that do not exist: file:/D:/1_JavaDevelopment/maven/repository/com/mchange/c3p0/0.9.5.4/mchange-commons-java-0.2.15.jar
[INFO ] 2020-04-14 20:23:00 [restartedMain] [o.s.b.d.e.DevToolsPropertyDefaultsPostProcessor] ====message: Devtools property defaults active! Set 'spring.devtools.add-properties' to 'false' to disable
[INFO ] 2020-04-14 20:23:00 [restartedMain] [o.s.b.d.e.DevToolsPropertyDefaultsPostProcessor] ====message: For additional web related logging consider setting the 'logging.level.web' property to 'DEBUG'
[INFO ] 2020-04-14 20:23:00 [restartedMain] [o.s.b.w.e.tomcat.TomcatWebServer] ====message: Tomcat initialized with port(s): 8080 (http)
[INFO ] 2020-04-14 20:23:00 [restartedMain] [o.a.coyote.http11.Http11NioProtocol] ====message: Initializing ProtocolHandler ["http-nio-8080"]
[INFO ] 2020-04-14 20:23:00 [restartedMain] [o.a.catalina.core.StandardService] ====message: Starting service [Tomcat]
[INFO ] 2020-04-14 20:23:00 [restartedMain] [o.a.catalina.core.StandardEngine] ====message: Starting Servlet engine: [Apache Tomcat/9.0.33]
[INFO ] 2020-04-14 20:23:00 [restartedMain] [o.a.c.c.C.[Tomcat].[localhost].[/]] ====message: Initializing Spring embedded WebApplicationContext
[INFO ] 2020-04-14 20:23:00 [restartedMain] [o.s.web.context.ContextLoader] ====message: Root WebApplicationContext: initialization completed in 1477 ms
[INFO ] 2020-04-14 20:23:00 [MLog-Init-Reporter] [com.mchange.v2.log.MLog] ====message: MLog clients using slf4j logging.
[INFO ] 2020-04-14 20:23:00 [restartedMain] [com.mchange.v2.c3p0.C3P0Registry] ====message: Initializing c3p0-0.9.5.4 [built 23-March-2019 23:00:48 -0700; debug? true; trace: 10]
[INFO ] 2020-04-14 20:23:00 [restartedMain] [o.s.s.c.ThreadPoolTaskExecutor] ====message: Initializing ExecutorService 'applicationTaskExecutor'
[INFO ] 2020-04-14 20:23:00 [restartedMain] [o.s.b.a.w.s.WelcomePageHandlerMapping] ====message: Adding welcome page template: index
[INFO ] 2020-04-14 20:23:00 [restartedMain] [o.s.b.d.a.OptionalLiveReloadServer] ====message: LiveReload server is running on port 35729
[INFO ] 2020-04-14 20:23:00 [restartedMain] [o.a.coyote.http11.Http11NioProtocol] ====message: Starting ProtocolHandler ["http-nio-8080"]
[INFO ] 2020-04-14 20:23:00 [restartedMain] [o.s.b.w.e.tomcat.TomcatWebServer] ====message: Tomcat started on port(s): 8080 (http) with context path ''
[INFO ] 2020-04-14 20:23:00 [restartedMain] [com.cognizant.ams.EmailApplication] ====message: Started EmailApplication in 3.12 seconds (JVM running for 3.824)
[INFO ] 2020-04-14 20:23:00 [http-nio-8080-exec-1] [o.a.c.c.C.[Tomcat].[localhost].[/]] ====message: Initializing Spring DispatcherServlet 'dispatcherServlet'
[INFO ] 2020-04-14 20:23:00 [http-nio-8080-exec-1] [o.s.web.servlet.DispatcherServlet] ====message: Initializing Servlet 'dispatcherServlet'
[INFO ] 2020-04-14 20:23:00 [http-nio-8080-exec-1] [o.s.web.servlet.DispatcherServlet] ====message: Completed initialization in 6 ms
[INFO ] 2020-04-14 20:23:00 [http-nio-8080-exec-6] [c.m.v.c.i.AbstractPoolBackedDataSource] ====message: Initializing c3p0 pool... com.mchange.v2.c3p0.ComboPooledDataSource [ acquireIncrement -> 3, acquireRetryAttempts -> 30, acquireRetryDelay -> 1000, autoCommitOnClose -> false, automaticTestTable -> null, breakAfterAcquireFailure -> false, checkoutTimeout -> 0, connectionCustomizerClassName -> null, connectionTesterClassName -> com.mchange.v2.c3p0.impl.DefaultConnectionTester, contextClassLoaderSource -> caller, dataSourceName -> 1hge137a9xh2fcx1uzd2hc|34fa7459, debugUnreturnedConnectionStackTraces -> false, description -> null, driverClass -> null, extensions -> {}, factoryClassLocation -> null, forceIgnoreUnresolvedTransactions -> false, forceSynchronousCheckins -> false, forceUseNamedDriverClass -> false, identityToken -> 1hge137a9xh2fcx1uzd2hc|34fa7459, idleConnectionTestPeriod -> 0, initialPoolSize -> 3, jdbcUrl -> jdbc:sqlserver://localhost:1433;DatabaseName=George, maxAdministrativeTaskTime -> 0, maxConnectionAge -> 0, maxIdleTime -> 0, maxIdleTimeExcessConnections -> 0, maxPoolSize -> 15, maxStatements -> 0, maxStatementsPerConnection -> 0, minPoolSize -> 3, numHelperThreads -> 3, preferredTestQuery -> null, privilegeSpawnedThreads -> false, properties -> {user=******, password=******}, propertyCycle -> 0, statementCacheNumDeferredCloseThreads -> 0, testConnectionOnCheckin -> false, testConnectionOnCheckout -> false, unreturnedConnectionTimeout -> 0, userOverrides -> {}, usesTraditionalReflectiveProxies -> false ]
[INFO ] 2020-04-14 20:29:05 [restartedMain] [com.cognizant.ams.EmailApplication] ====message: Starting EmailApplication on GeorgeChan with PID 11632 (C:\Users\75438\Desktop\git\NewEmail\target\classes started by 75438 in C:\Users\75438\Desktop\git\NewEmail)
[INFO ] 2020-04-14 20:29:05 [restartedMain] [com.cognizant.ams.EmailApplication] ====message: The following profiles are active: local
[INFO ] 2020-04-14 20:29:05 [restartedMain] [o.s.b.d.restart.ChangeableUrls] ====message: The Class-Path manifest attribute in D:\1_JavaDevelopment\maven\repository\com\mchange\c3p0\0.9.5.4\c3p0-0.9.5.4.jar referenced one or more files that do not exist: file:/D:/1_JavaDevelopment/maven/repository/com/mchange/c3p0/0.9.5.4/mchange-commons-java-0.2.15.jar
[INFO ] 2020-04-14 20:29:05 [restartedMain] [o.s.b.d.e.DevToolsPropertyDefaultsPostProcessor] ====message: Devtools property defaults active! Set 'spring.devtools.add-properties' to 'false' to disable
[INFO ] 2020-04-14 20:29:05 [restartedMain] [o.s.b.d.e.DevToolsPropertyDefaultsPostProcessor] ====message: For additional web related logging consider setting the 'logging.level.web' property to 'DEBUG'
[INFO ] 2020-04-14 20:29:05 [restartedMain] [o.s.b.w.e.tomcat.TomcatWebServer] ====message: Tomcat initialized with port(s): 8080 (http)
[INFO ] 2020-04-14 20:29:05 [restartedMain] [o.a.coyote.http11.Http11NioProtocol] ====message: Initializing ProtocolHandler ["http-nio-8080"]
[INFO ] 2020-04-14 20:29:05 [restartedMain] [o.a.catalina.core.StandardService] ====message: Starting service [Tomcat]
[INFO ] 2020-04-14 20:29:05 [restartedMain] [o.a.catalina.core.StandardEngine] ====message: Starting Servlet engine: [Apache Tomcat/9.0.33]
[INFO ] 2020-04-14 20:29:05 [restartedMain] [o.a.c.c.C.[Tomcat].[localhost].[/]] ====message: Initializing Spring embedded WebApplicationContext
[INFO ] 2020-04-14 20:29:05 [restartedMain] [o.s.web.context.ContextLoader] ====message: Root WebApplicationContext: initialization completed in 1695 ms
[INFO ] 2020-04-14 20:29:05 [MLog-Init-Reporter] [com.mchange.v2.log.MLog] ====message: MLog clients using slf4j logging.
[INFO ] 2020-04-14 20:29:05 [restartedMain] [com.mchange.v2.c3p0.C3P0Registry] ====message: Initializing c3p0-0.9.5.4 [built 23-March-2019 23:00:48 -0700; debug? true; trace: 10]
[INFO ] 2020-04-14 20:29:05 [restartedMain] [o.s.s.c.ThreadPoolTaskExecutor] ====message: Initializing ExecutorService 'applicationTaskExecutor'
[INFO ] 2020-04-14 20:29:05 [restartedMain] [o.s.b.a.w.s.WelcomePageHandlerMapping] ====message: Adding welcome page template: index
[INFO ] 2020-04-14 20:29:05 [restartedMain] [o.s.b.d.a.OptionalLiveReloadServer] ====message: LiveReload server is running on port 35729
[INFO ] 2020-04-14 20:29:05 [restartedMain] [o.a.coyote.http11.Http11NioProtocol] ====message: Starting ProtocolHandler ["http-nio-8080"]
[INFO ] 2020-04-14 20:29:05 [restartedMain] [o.s.b.w.e.tomcat.TomcatWebServer] ====message: Tomcat started on port(s): 8080 (http) with context path ''
[INFO ] 2020-04-14 20:29:05 [restartedMain] [com.cognizant.ams.EmailApplication] ====message: Started EmailApplication in 3.3 seconds (JVM running for 3.972)
[INFO ] 2020-04-14 20:29:05 [http-nio-8080-exec-1] [o.a.c.c.C.[Tomcat].[localhost].[/]] ====message: Initializing Spring DispatcherServlet 'dispatcherServlet'
[INFO ] 2020-04-14 20:29:05 [http-nio-8080-exec-1] [o.s.web.servlet.DispatcherServlet] ====message: Initializing Servlet 'dispatcherServlet'
[INFO ] 2020-04-14 20:29:05 [http-nio-8080-exec-1] [o.s.web.servlet.DispatcherServlet] ====message: Completed initialization in 4 ms
[INFO ] 2020-04-14 20:29:05 [http-nio-8080-exec-4] [c.m.v.c.i.AbstractPoolBackedDataSource] ====message: Initializing c3p0 pool... com.mchange.v2.c3p0.ComboPooledDataSource [ acquireIncrement -> 3, acquireRetryAttempts -> 30, acquireRetryDelay -> 1000, autoCommitOnClose -> false, automaticTestTable -> null, breakAfterAcquireFailure -> false, checkoutTimeout -> 0, connectionCustomizerClassName -> null, connectionTesterClassName -> com.mchange.v2.c3p0.impl.DefaultConnectionTester, contextClassLoaderSource -> caller, dataSourceName -> 1hge137a9xha99f1ikkbx5|7084979d, debugUnreturnedConnectionStackTraces -> false, description -> null, driverClass -> null, extensions -> {}, factoryClassLocation -> null, forceIgnoreUnresolvedTransactions -> false, forceSynchronousCheckins -> false, forceUseNamedDriverClass -> false, identityToken -> 1hge137a9xha99f1ikkbx5|7084979d, idleConnectionTestPeriod -> 0, initialPoolSize -> 3, jdbcUrl -> jdbc:sqlserver://localhost:1433;DatabaseName=George, maxAdministrativeTaskTime -> 0, maxConnectionAge -> 0, maxIdleTime -> 0, maxIdleTimeExcessConnections -> 0, maxPoolSize -> 15, maxStatements -> 0, maxStatementsPerConnection -> 0, minPoolSize -> 3, numHelperThreads -> 3, preferredTestQuery -> null, privilegeSpawnedThreads -> false, properties -> {user=******, password=******}, propertyCycle -> 0, statementCacheNumDeferredCloseThreads -> 0, testConnectionOnCheckin -> false, testConnectionOnCheckout -> false, unreturnedConnectionTimeout -> 0, userOverrides -> {}, usesTraditionalReflectiveProxies -> false ]
[INFO ] 2020-04-14 20:29:05 [Thread-6] [o.s.s.c.ThreadPoolTaskExecutor] ====message: Shutting down ExecutorService 'applicationTaskExecutor'
[INFO ] 2020-04-14 22:07:49 [restartedMain] [com.cognizant.ams.EmailApplication] ====message: Starting EmailApplication on GeorgeChan with PID 11632 (C:\Users\75438\Desktop\git\NewEmail\target\classes started by 75438 in C:\Users\75438\Desktop\git\NewEmail)
[INFO ] 2020-04-14 22:07:49 [restartedMain] [com.cognizant.ams.EmailApplication] ====message: The following profiles are active: local
[INFO ] 2020-04-14 22:07:49 [restartedMain] [o.s.b.w.e.tomcat.TomcatWebServer] ====message: Tomcat initialized with port(s): 8080 (http)
[INFO ] 2020-04-14 22:07:49 [restartedMain] [o.a.coyote.http11.Http11NioProtocol] ====message: Initializing ProtocolHandler ["http-nio-8080"]
[INFO ] 2020-04-14 22:07:49 [restartedMain] [o.a.catalina.core.StandardService] ====message: Starting service [Tomcat]
[INFO ] 2020-04-14 22:07:49 [restartedMain] [o.a.catalina.core.StandardEngine] ====message: Starting Servlet engine: [Apache Tomcat/9.0.33]
[INFO ] 2020-04-14 22:07:49 [restartedMain] [o.a.c.c.C.[Tomcat].[localhost].[/]] ====message: Initializing Spring embedded WebApplicationContext
[INFO ] 2020-04-14 22:07:49 [restartedMain] [o.s.web.context.ContextLoader] ====message: Root WebApplicationContext: initialization completed in 335 ms
[INFO ] 2020-04-14 22:07:49 [restartedMain] [o.s.s.c.ThreadPoolTaskExecutor] ====message: Initializing ExecutorService 'applicationTaskExecutor'
[INFO ] 2020-04-14 22:07:49 [restartedMain] [o.s.b.a.w.s.WelcomePageHandlerMapping] ====message: Adding welcome page template: index
[INFO ] 2020-04-14 22:07:49 [restartedMain] [o.s.b.d.a.OptionalLiveReloadServer] ====message: LiveReload server is running on port 35729
[INFO ] 2020-04-14 22:07:49 [restartedMain] [o.a.coyote.http11.Http11NioProtocol] ====message: Starting ProtocolHandler ["http-nio-8080"]
[INFO ] 2020-04-14 22:07:49 [restartedMain] [o.s.b.w.e.tomcat.TomcatWebServer] ====message: Tomcat started on port(s): 8080 (http) with context path ''
[INFO ] 2020-04-14 22:07:49 [restartedMain] [com.cognizant.ams.EmailApplication] ====message: Started EmailApplication in 0.648 seconds (JVM running for 5925.029)
[INFO ] 2020-04-14 22:07:49 [restartedMain] [o.s.b.d.a.ConditionEvaluationDeltaLoggingListener] ====message: Condition evaluation unchanged
[INFO ] 2020-04-14 22:07:49 [Thread-13] [o.s.s.c.ThreadPoolTaskExecutor] ====message: Shutting down ExecutorService 'applicationTaskExecutor'
[INFO ] 2020-04-14 22:11:37 [restartedMain] [com.cognizant.ams.EmailApplication] ====message: Starting EmailApplication on GeorgeChan with PID 11632 (C:\Users\75438\Desktop\git\NewEmail\target\classes started by 75438 in C:\Users\75438\Desktop\git\NewEmail)
[INFO ] 2020-04-14 22:11:37 [restartedMain] [com.cognizant.ams.EmailApplication] ====message: The following profiles are active: local
[INFO ] 2020-04-14 22:11:37 [restartedMain] [o.s.b.w.e.tomcat.TomcatWebServer] ====message: Tomcat initialized with port(s): 8080 (http)
[INFO ] 2020-04-14 22:11:37 [restartedMain] [o.a.coyote.http11.Http11NioProtocol] ====message: Initializing ProtocolHandler ["http-nio-8080"]
[INFO ] 2020-04-14 22:11:37 [restartedMain] [o.a.catalina.core.StandardService] ====message: Starting service [Tomcat]
[INFO ] 2020-04-14 22:11:37 [restartedMain] [o.a.catalina.core.StandardEngine] ====message: Starting Servlet engine: [Apache Tomcat/9.0.33]
[INFO ] 2020-04-14 22:11:37 [restartedMain] [o.a.c.c.C.[Tomcat].[localhost].[/]] ====message: Initializing Spring embedded WebApplicationContext
[INFO ] 2020-04-14 22:11:37 [restartedMain] [o.s.web.context.ContextLoader] ====message: Root WebApplicationContext: initialization completed in 294 ms
[INFO ] 2020-04-14 22:11:37 [restartedMain] [o.s.s.c.ThreadPoolTaskExecutor] ====message: Initializing ExecutorService 'applicationTaskExecutor'
[INFO ] 2020-04-14 22:11:37 [restartedMain] [o.s.b.a.w.s.WelcomePageHandlerMapping] ====message: Adding welcome page template: index
[INFO ] 2020-04-14 22:11:37 [restartedMain] [o.s.b.d.a.OptionalLiveReloadServer] ====message: LiveReload server is running on port 35729
[INFO ] 2020-04-14 22:11:37 [restartedMain] [o.a.coyote.http11.Http11NioProtocol] ====message: Starting ProtocolHandler ["http-nio-8080"]
[INFO ] 2020-04-14 22:11:37 [restartedMain] [o.s.b.w.e.tomcat.TomcatWebServer] ====message: Tomcat started on port(s): 8080 (http) with context path ''
[INFO ] 2020-04-14 22:11:37 [restartedMain] [com.cognizant.ams.EmailApplication] ====message: Started EmailApplication in 0.548 seconds (JVM running for 6152.99)
[INFO ] 2020-04-14 22:11:37 [restartedMain] [o.s.b.d.a.ConditionEvaluationDeltaLoggingListener] ====message: Condition evaluation unchanged
[INFO ] 2020-04-14 22:11:37 [http-nio-8080-exec-1] [o.a.c.c.C.[Tomcat].[localhost].[/]] ====message: Initializing Spring DispatcherServlet 'dispatcherServlet'
[INFO ] 2020-04-14 22:11:37 [http-nio-8080-exec-1] [o.s.web.servlet.DispatcherServlet] ====message: Initializing Servlet 'dispatcherServlet'
[INFO ] 2020-04-14 22:11:37 [http-nio-8080-exec-1] [o.s.web.servlet.DispatcherServlet] ====message: Completed initialization in 3 ms
[INFO ] 2020-04-14 22:11:37 [http-nio-8080-exec-10] [c.m.v.c.i.AbstractPoolBackedDataSource] ====message: Initializing c3p0 pool... com.mchange.v2.c3p0.ComboPooledDataSource [ acquireIncrement -> 3, acquireRetryAttempts -> 30, acquireRetryDelay -> 1000, autoCommitOnClose -> false, automaticTestTable -> null, breakAfterAcquireFailure -> false, checkoutTimeout -> 0, connectionCustomizerClassName -> null, connectionTesterClassName -> com.mchange.v2.c3p0.impl.DefaultConnectionTester, contextClassLoaderSource -> caller, dataSourceName -> 1hge137a9xha99f1ikkbx5|13ad14df, debugUnreturnedConnectionStackTraces -> false, description -> null, driverClass -> null, extensions -> {}, factoryClassLocation -> null, forceIgnoreUnresolvedTransactions -> false, forceSynchronousCheckins -> false, forceUseNamedDriverClass -> false, identityToken -> 1hge137a9xha99f1ikkbx5|13ad14df, idleConnectionTestPeriod -> 0, initialPoolSize -> 3, jdbcUrl -> jdbc:sqlserver://localhost:1433;DatabaseName=George, maxAdministrativeTaskTime -> 0, maxConnectionAge -> 0, maxIdleTime -> 0, maxIdleTimeExcessConnections -> 0, maxPoolSize -> 15, maxStatements -> 0, maxStatementsPerConnection -> 0, minPoolSize -> 3, numHelperThreads -> 3, preferredTestQuery -> null, privilegeSpawnedThreads -> false, properties -> {user=******, password=******}, propertyCycle -> 0, statementCacheNumDeferredCloseThreads -> 0, testConnectionOnCheckin -> false, testConnectionOnCheckout -> false, unreturnedConnectionTimeout -> 0, userOverrides -> {}, usesTraditionalReflectiveProxies -> false ]
[INFO ] 2020-04-14 22:11:37 [Thread-18] [o.s.s.c.ThreadPoolTaskExecutor] ====message: Shutting down ExecutorService 'applicationTaskExecutor'
[INFO ] 2020-04-14 22:19:21 [restartedMain] [com.cognizant.ams.EmailApplication] ====message: Starting EmailApplication on GeorgeChan with PID 11632 (C:\Users\75438\Desktop\git\NewEmail\target\classes started by 75438 in C:\Users\75438\Desktop\git\NewEmail)
[INFO ] 2020-04-14 22:19:21 [restartedMain] [com.cognizant.ams.EmailApplication] ====message: The following profiles are active: local
[INFO ] 2020-04-14 22:19:21 [restartedMain] [o.s.b.w.e.tomcat.TomcatWebServer] ====message: Tomcat initialized with port(s): 8080 (http)
[INFO ] 2020-04-14 22:19:21 [restartedMain] [o.a.coyote.http11.Http11NioProtocol] ====message: Initializing ProtocolHandler ["http-nio-8080"]
[INFO ] 2020-04-14 22:19:21 [restartedMain] [o.a.catalina.core.StandardService] ====message: Starting service [Tomcat]
[INFO ] 2020-04-14 22:19:21 [restartedMain] [o.a.catalina.core.StandardEngine] ====message: Starting Servlet engine: [Apache Tomcat/9.0.33]
[INFO ] 2020-04-14 22:19:21 [restartedMain] [o.a.c.c.C.[Tomcat].[localhost].[/]] ====message: Initializing Spring embedded WebApplicationContext
[INFO ] 2020-04-14 22:19:21 [restartedMain] [o.s.web.context.ContextLoader] ====message: Root WebApplicationContext: initialization completed in 256 ms
[INFO ] 2020-04-14 22:19:21 [restartedMain] [o.s.s.c.ThreadPoolTaskExecutor] ====message: Initializing ExecutorService 'applicationTaskExecutor'
[INFO ] 2020-04-14 22:19:21 [restartedMain] [o.s.b.a.w.s.WelcomePageHandlerMapping] ====message: Adding welcome page template: index
[INFO ] 2020-04-14 22:19:21 [restartedMain] [o.s.b.d.a.OptionalLiveReloadServer] ====message: LiveReload server is running on port 35729
[INFO ] 2020-04-14 22:19:21 [restartedMain] [o.a.coyote.http11.Http11NioProtocol] ====message: Starting ProtocolHandler ["http-nio-8080"]
[INFO ] 2020-04-14 22:19:21 [restartedMain] [o.s.b.w.e.tomcat.TomcatWebServer] ====message: Tomcat started on port(s): 8080 (http) with context path ''
[INFO ] 2020-04-14 22:19:21 [restartedMain] [com.cognizant.ams.EmailApplication] ====message: Started EmailApplication in 0.479 seconds (JVM running for 6616.698)
[INFO ] 2020-04-14 22:19:21 [restartedMain] [o.s.b.d.a.ConditionEvaluationDeltaLoggingListener] ====message: Condition evaluation unchanged
[INFO ] 2020-04-14 22:19:21 [Thread-27] [o.s.s.c.ThreadPoolTaskExecutor] ====message: Shutting down ExecutorService 'applicationTaskExecutor'
[INFO ] 2020-04-14 22:21:41 [restartedMain] [com.cognizant.ams.EmailApplication] ====message: Starting EmailApplication on GeorgeChan with PID 11632 (C:\Users\75438\Desktop\git\NewEmail\target\classes started by 75438 in C:\Users\75438\Desktop\git\NewEmail)
[INFO ] 2020-04-14 22:21:41 [restartedMain] [com.cognizant.ams.EmailApplication] ====message: The following profiles are active: local
[INFO ] 2020-04-14 22:21:41 [restartedMain] [o.s.b.w.e.tomcat.TomcatWebServer] ====message: Tomcat initialized with port(s): 8080 (http)
[INFO ] 2020-04-14 22:21:41 [restartedMain] [o.a.coyote.http11.Http11NioProtocol] ====message: Initializing ProtocolHandler ["http-nio-8080"]
[INFO ] 2020-04-14 22:21:41 [restartedMain] [o.a.catalina.core.StandardService] ====message: Starting service [Tomcat]
[INFO ] 2020-04-14 22:21:41 [restartedMain] [o.a.catalina.core.StandardEngine] ====message: Starting Servlet engine: [Apache Tomcat/9.0.33]
[INFO ] 2020-04-14 22:21:41 [restartedMain] [o.a.c.c.C.[Tomcat].[localhost].[/]] ====message: Initializing Spring embedded WebApplicationContext
[INFO ] 2020-04-14 22:21:41 [restartedMain] [o.s.web.context.ContextLoader] ====message: Root WebApplicationContext: initialization completed in 257 ms
[INFO ] 2020-04-14 22:21:41 [restartedMain] [o.s.s.c.ThreadPoolTaskExecutor] ====message: Initializing ExecutorService 'applicationTaskExecutor'
[INFO ] 2020-04-14 22:21:41 [restartedMain] [o.s.b.a.w.s.WelcomePageHandlerMapping] ====message: Adding welcome page template: index
[INFO ] 2020-04-14 22:21:41 [restartedMain] [o.s.b.d.a.OptionalLiveReloadServer] ====message: LiveReload server is running on port 35729
[INFO ] 2020-04-14 22:21:41 [restartedMain] [o.a.coyote.http11.Http11NioProtocol] ====message: Starting ProtocolHandler ["http-nio-8080"]
[INFO ] 2020-04-14 22:21:41 [restartedMain] [o.s.b.w.e.tomcat.TomcatWebServer] ====message: Tomcat started on port(s): 8080 (http) with context path ''
[INFO ] 2020-04-14 22:21:41 [restartedMain] [com.cognizant.ams.EmailApplication] ====message: Started EmailApplication in 0.467 seconds (JVM running for 6757.234)
[INFO ] 2020-04-14 22:21:41 [restartedMain] [o.s.b.d.a.ConditionEvaluationDeltaLoggingListener] ====message: Condition evaluation unchanged
[INFO ] 2020-04-14 22:21:41 [Thread-32] [o.s.s.c.ThreadPoolTaskExecutor] ====message: Shutting down ExecutorService 'applicationTaskExecutor'
[INFO ] 2020-04-14 22:21:45 [restartedMain] [com.cognizant.ams.EmailApplication] ====message: Starting EmailApplication on GeorgeChan with PID 11632 (C:\Users\75438\Desktop\git\NewEmail\target\classes started by 75438 in C:\Users\75438\Desktop\git\NewEmail)
[INFO ] 2020-04-14 22:21:45 [restartedMain] [com.cognizant.ams.EmailApplication] ====message: The following profiles are active: local
[INFO ] 2020-04-14 22:21:45 [restartedMain] [o.s.b.w.e.tomcat.TomcatWebServer] ====message: Tomcat initialized with port(s): 8080 (http)
[INFO ] 2020-04-14 22:21:45 [restartedMain] [o.a.coyote.http11.Http11NioProtocol] ====message: Initializing ProtocolHandler ["http-nio-8080"]
[INFO ] 2020-04-14 22:21:45 [restartedMain] [o.a.catalina.core.StandardService] ====message: Starting service [Tomcat]
[INFO ] 2020-04-14 22:21:45 [restartedMain] [o.a.catalina.core.StandardEngine] ====message: Starting Servlet engine: [Apache Tomcat/9.0.33]
[INFO ] 2020-04-14 22:21:45 [restartedMain] [o.a.c.c.C.[Tomcat].[localhost].[/]] ====message: Initializing Spring embedded WebApplicationContext
[INFO ] 2020-04-14 22:21:45 [restartedMain] [o.s.web.context.ContextLoader] ====message: Root WebApplicationContext: initialization completed in 223 ms
[INFO ] 2020-04-14 22:21:45 [restartedMain] [o.s.s.c.ThreadPoolTaskExecutor] ====message: Initializing ExecutorService 'applicationTaskExecutor'
[INFO ] 2020-04-14 22:21:45 [restartedMain] [o.s.b.a.w.s.WelcomePageHandlerMapping] ====message: Adding welcome page template: index
[INFO ] 2020-04-14 22:21:45 [restartedMain] [o.s.b.d.a.OptionalLiveReloadServer] ====message: LiveReload server is running on port 35729
[INFO ] 2020-04-14 22:21:45 [restartedMain] [o.a.coyote.http11.Http11NioProtocol] ====message: Starting ProtocolHandler ["http-nio-8080"]
[INFO ] 2020-04-14 22:21:45 [restartedMain] [o.s.b.w.e.tomcat.TomcatWebServer] ====message: Tomcat started on port(s): 8080 (http) with context path ''
[INFO ] 2020-04-14 22:21:45 [restartedMain] [com.cognizant.ams.EmailApplication] ====message: Started EmailApplication in 0.438 seconds (JVM running for 6761.344)
[INFO ] 2020-04-14 22:21:45 [restartedMain] [o.s.b.d.a.ConditionEvaluationDeltaLoggingListener] ====message: Condition evaluation unchanged
[INFO ] 2020-04-14 22:21:45 [http-nio-8080-exec-1] [o.a.c.c.C.[Tomcat].[localhost].[/]] ====message: Initializing Spring DispatcherServlet 'dispatcherServlet'
[INFO ] 2020-04-14 22:21:45 [http-nio-8080-exec-1] [o.s.web.servlet.DispatcherServlet] ====message: Initializing Servlet 'dispatcherServlet'
[INFO ] 2020-04-14 22:21:45 [http-nio-8080-exec-1] [o.s.web.servlet.DispatcherServlet] ====message: Completed initialization in 2 ms
[INFO ] 2020-04-14 22:21:45 [http-nio-8080-exec-5] [c.m.v.c.i.AbstractPoolBackedDataSource] ====message: Initializing c3p0 pool... com.mchange.v2.c3p0.ComboPooledDataSource [ acquireIncrement -> 3, acquireRetryAttempts -> 30, acquireRetryDelay -> 1000, autoCommitOnClose -> false, automaticTestTable -> null, breakAfterAcquireFailure -> false, checkoutTimeout -> 0, connectionCustomizerClassName -> null, connectionTesterClassName -> com.mchange.v2.c3p0.impl.DefaultConnectionTester, contextClassLoaderSource -> caller, dataSourceName -> 1hge137a9xha99f1ikkbx5|4b3643ce, debugUnreturnedConnectionStackTraces -> false, description -> null, driverClass -> null, extensions -> {}, factoryClassLocation -> null, forceIgnoreUnresolvedTransactions -> false, forceSynchronousCheckins -> false, forceUseNamedDriverClass -> false, identityToken -> 1hge137a9xha99f1ikkbx5|4b3643ce, idleConnectionTestPeriod -> 0, initialPoolSize -> 3, jdbcUrl -> jdbc:sqlserver://localhost:1433;DatabaseName=George, maxAdministrativeTaskTime -> 0, maxConnectionAge -> 0, maxIdleTime -> 0, maxIdleTimeExcessConnections -> 0, maxPoolSize -> 15, maxStatements -> 0, maxStatementsPerConnection -> 0, minPoolSize -> 3, numHelperThreads -> 3, preferredTestQuery -> null, privilegeSpawnedThreads -> false, properties -> {user=******, password=******}, propertyCycle -> 0, statementCacheNumDeferredCloseThreads -> 0, testConnectionOnCheckin -> false, testConnectionOnCheckout -> false, unreturnedConnectionTimeout -> 0, userOverrides -> {}, usesTraditionalReflectiveProxies -> false ]
[INFO ] 2020-04-14 22:21:45 [Thread-37] [o.s.s.c.ThreadPoolTaskExecutor] ====message: Shutting down ExecutorService 'applicationTaskExecutor'
[INFO ] 2020-04-14 22:24:38 [restartedMain] [com.cognizant.ams.EmailApplication] ====message: Starting EmailApplication on GeorgeChan with PID 11632 (C:\Users\75438\Desktop\git\NewEmail\target\classes started by 75438 in C:\Users\75438\Desktop\git\NewEmail)
[INFO ] 2020-04-14 22:24:38 [restartedMain] [com.cognizant.ams.EmailApplication] ====message: The following profiles are active: local
[INFO ] 2020-04-14 22:24:38 [restartedMain] [o.s.b.w.e.tomcat.TomcatWebServer] ====message: Tomcat initialized with port(s): 8080 (http)
[INFO ] 2020-04-14 22:24:38 [restartedMain] [o.a.coyote.http11.Http11NioProtocol] ====message: Initializing ProtocolHandler ["http-nio-8080"]
[INFO ] 2020-04-14 22:24:38 [restartedMain] [o.a.catalina.core.StandardService] ====message: Starting service [Tomcat]
[INFO ] 2020-04-14 22:24:38 [restartedMain] [o.a.catalina.core.StandardEngine] ====message: Starting Servlet engine: [Apache Tomcat/9.0.33]
[INFO ] 2020-04-14 22:24:38 [restartedMain] [o.a.c.c.C.[Tomcat].[localhost].[/]] ====message: Initializing Spring embedded WebApplicationContext
[INFO ] 2020-04-14 22:24:38 [restartedMain] [o.s.web.context.ContextLoader] ====message: Root WebApplicationContext: initialization completed in 224 ms
[INFO ] 2020-04-14 22:24:38 [restartedMain] [o.s.s.c.ThreadPoolTaskExecutor] ====message: Initializing ExecutorService 'applicationTaskExecutor'
[INFO ] 2020-04-14 22:24:38 [restartedMain] [o.s.b.a.w.s.WelcomePageHandlerMapping] ====message: Adding welcome page template: index
[INFO ] 2020-04-14 22:24:38 [restartedMain] [o.s.b.d.a.OptionalLiveReloadServer] ====message: LiveReload server is running on port 35729
[INFO ] 2020-04-14 22:24:38 [restartedMain] [o.a.coyote.http11.Http11NioProtocol] ====message: Starting ProtocolHandler ["http-nio-8080"]
[INFO ] 2020-04-14 22:24:38 [restartedMain] [o.s.b.w.e.tomcat.TomcatWebServer] ====message: Tomcat started on port(s): 8080 (http) with context path ''
[INFO ] 2020-04-14 22:24:38 [restartedMain] [com.cognizant.ams.EmailApplication] ====message: Started EmailApplication in 0.435 seconds (JVM running for 6933.873)
[INFO ] 2020-04-14 22:24:38 [restartedMain] [o.s.b.d.a.ConditionEvaluationDeltaLoggingListener] ====message: Condition evaluation unchanged
[INFO ] 2020-04-14 22:24:38 [http-nio-8080-exec-2] [o.a.c.c.C.[Tomcat].[localhost].[/]] ====message: Initializing Spring DispatcherServlet 'dispatcherServlet'
[INFO ] 2020-04-14 22:24:38 [http-nio-8080-exec-2] [o.s.web.servlet.DispatcherServlet] ====message: Initializing Servlet 'dispatcherServlet'
[INFO ] 2020-04-14 22:24:38 [http-nio-8080-exec-2] [o.s.web.servlet.DispatcherServlet] ====message: Completed initialization in 1 ms
[INFO ] 2020-04-14 22:24:38 [http-nio-8080-exec-2] [c.m.v.c.i.AbstractPoolBackedDataSource] ====message: Initializing c3p0 pool... com.mchange.v2.c3p0.ComboPooledDataSource [ acquireIncrement -> 3, acquireRetryAttempts -> 30, acquireRetryDelay -> 1000, autoCommitOnClose -> false, automaticTestTable -> null, breakAfterAcquireFailure -> false, checkoutTimeout -> 0, connectionCustomizerClassName -> null, connectionTesterClassName -> com.mchange.v2.c3p0.impl.DefaultConnectionTester, contextClassLoaderSource -> caller, dataSourceName -> 1hge137a9xha99f1ikkbx5|34ed4add, debugUnreturnedConnectionStackTraces -> false, description -> null, driverClass -> null, extensions -> {}, factoryClassLocation -> null, forceIgnoreUnresolvedTransactions -> false, forceSynchronousCheckins -> false, forceUseNamedDriverClass -> false, identityToken -> 1hge137a9xha99f1ikkbx5|34ed4add, idleConnectionTestPeriod -> 0, initialPoolSize -> 3, jdbcUrl -> jdbc:sqlserver://localhost:1433;DatabaseName=George, maxAdministrativeTaskTime -> 0, maxConnectionAge -> 0, maxIdleTime -> 0, maxIdleTimeExcessConnections -> 0, maxPoolSize -> 15, maxStatements -> 0, maxStatementsPerConnection -> 0, minPoolSize -> 3, numHelperThreads -> 3, preferredTestQuery -> null, privilegeSpawnedThreads -> false, properties -> {user=******, password=******}, propertyCycle -> 0, statementCacheNumDeferredCloseThreads -> 0, testConnectionOnCheckin -> false, testConnectionOnCheckout -> false, unreturnedConnectionTimeout -> 0, userOverrides -> {}, usesTraditionalReflectiveProxies -> false ]
[INFO ] 2020-04-14 22:24:38 [Thread-46] [o.s.s.c.ThreadPoolTaskExecutor] ====message: Shutting down ExecutorService 'applicationTaskExecutor'
[INFO ] 2020-04-14 22:31:33 [restartedMain] [com.cognizant.ams.EmailApplication] ====message: Starting EmailApplication on GeorgeChan with PID 11632 (C:\Users\75438\Desktop\git\NewEmail\target\classes started by 75438 in C:\Users\75438\Desktop\git\NewEmail)
[INFO ] 2020-04-14 22:31:33 [restartedMain] [com.cognizant.ams.EmailApplication] ====message: The following profiles are active: local
[INFO ] 2020-04-14 22:31:33 [restartedMain] [o.s.b.w.e.tomcat.TomcatWebServer] ====message: Tomcat initialized with port(s): 8080 (http)
[INFO ] 2020-04-14 22:31:33 [restartedMain] [o.a.coyote.http11.Http11NioProtocol] ====message: Initializing ProtocolHandler ["http-nio-8080"]
[INFO ] 2020-04-14 22:31:33 [restartedMain] [o.a.catalina.core.StandardService] ====message: Starting service [Tomcat]
[INFO ] 2020-04-14 22:31:33 [restartedMain] [o.a.catalina.core.StandardEngine] ====message: Starting Servlet engine: [Apache Tomcat/9.0.33]
[INFO ] 2020-04-14 22:31:33 [restartedMain] [o.a.c.c.C.[Tomcat].[localhost].[/]] ====message: Initializing Spring embedded WebApplicationContext
[INFO ] 2020-04-14 22:31:33 [restartedMain] [o.s.web.context.ContextLoader] ====message: Root WebApplicationContext: initialization completed in 229 ms
[INFO ] 2020-04-14 22:31:33 [restartedMain] [o.s.s.c.ThreadPoolTaskExecutor] ====message: Initializing ExecutorService 'applicationTaskExecutor'
[INFO ] 2020-04-14 22:31:33 [restartedMain] [o.s.b.a.w.s.WelcomePageHandlerMapping] ====message: Adding welcome page template: index
[INFO ] 2020-04-14 22:31:33 [restartedMain] [o.s.b.d.a.OptionalLiveReloadServer] ====message: LiveReload server is running on port 35729
[INFO ] 2020-04-14 22:31:33 [restartedMain] [o.a.coyote.http11.Http11NioProtocol] ====message: Starting ProtocolHandler ["http-nio-8080"]
[INFO ] 2020-04-14 22:31:33 [restartedMain] [o.s.b.w.e.tomcat.TomcatWebServer] ====message: Tomcat started on port(s): 8080 (http) with context path ''
[INFO ] 2020-04-14 22:31:33 [restartedMain] [com.cognizant.ams.EmailApplication] ====message: Started EmailApplication in 0.422 seconds (JVM running for 7348.994)
[INFO ] 2020-04-14 22:31:33 [restartedMain] [o.s.b.d.a.ConditionEvaluationDeltaLoggingListener] ====message: Condition evaluation unchanged
[INFO ] 2020-04-14 22:31:33 [http-nio-8080-exec-1] [o.a.c.c.C.[Tomcat].[localhost].[/]] ====message: Initializing Spring DispatcherServlet 'dispatcherServlet'
[INFO ] 2020-04-14 22:31:33 [http-nio-8080-exec-1] [o.s.web.servlet.DispatcherServlet] ====message: Initializing Servlet 'dispatcherServlet'
[INFO ] 2020-04-14 22:31:33 [http-nio-8080-exec-1] [o.s.web.servlet.DispatcherServlet] ====message: Completed initialization in 2 ms
[INFO ] 2020-04-14 22:31:33 [http-nio-8080-exec-1] [c.m.v.c.i.AbstractPoolBackedDataSource] ====message: Initializing c3p0 pool... com.mchange.v2.c3p0.ComboPooledDataSource [ acquireIncrement -> 3, acquireRetryAttempts -> 30, acquireRetryDelay -> 1000, autoCommitOnClose -> false, automaticTestTable -> null, breakAfterAcquireFailure -> false, checkoutTimeout -> 0, connectionCustomizerClassName -> null, connectionTesterClassName -> com.mchange.v2.c3p0.impl.DefaultConnectionTester, contextClassLoaderSource -> caller, dataSourceName -> 1hge137a9xha99f1ikkbx5|38f330fd, debugUnreturnedConnectionStackTraces -> false, description -> null, driverClass -> null, extensions -> {}, factoryClassLocation -> null, forceIgnoreUnresolvedTransactions -> false, forceSynchronousCheckins -> false, forceUseNamedDriverClass -> false, identityToken -> 1hge137a9xha99f1ikkbx5|38f330fd, idleConnectionTestPeriod -> 0, initialPoolSize -> 3, jdbcUrl -> jdbc:sqlserver://localhost:1433;DatabaseName=George, maxAdministrativeTaskTime -> 0, maxConnectionAge -> 0, maxIdleTime -> 0, maxIdleTimeExcessConnections -> 0, maxPoolSize -> 15, maxStatements -> 0, maxStatementsPerConnection -> 0, minPoolSize -> 3, numHelperThreads -> 3, preferredTestQuery -> null, privilegeSpawnedThreads -> false, properties -> {user=******, password=******}, propertyCycle -> 0, statementCacheNumDeferredCloseThreads -> 0, testConnectionOnCheckin -> false, testConnectionOnCheckout -> false, unreturnedConnectionTimeout -> 0, userOverrides -> {}, usesTraditionalReflectiveProxies -> false ]
[INFO ] 2020-04-14 22:53:20 [restartedMain] [com.cognizant.ams.EmailApplication] ====message: Starting EmailApplication on GeorgeChan with PID 8364 (C:\Users\75438\Desktop\git\NewEmail\target\classes started by 75438 in C:\Users\75438\Desktop\git\NewEmail)
[INFO ] 2020-04-14 22:53:20 [restartedMain] [com.cognizant.ams.EmailApplication] ====message: The following profiles are active: local
[INFO ] 2020-04-14 22:53:20 [restartedMain] [o.s.b.d.restart.ChangeableUrls] ====message: The Class-Path manifest attribute in D:\1_JavaDevelopment\maven\repository\com\mchange\c3p0\0.9.5.4\c3p0-0.9.5.4.jar referenced one or more files that do not exist: file:/D:/1_JavaDevelopment/maven/repository/com/mchange/c3p0/0.9.5.4/mchange-commons-java-0.2.15.jar
[INFO ] 2020-04-14 22:53:20 [restartedMain] [o.s.b.d.e.DevToolsPropertyDefaultsPostProcessor] ====message: Devtools property defaults active! Set 'spring.devtools.add-properties' to 'false' to disable
[INFO ] 2020-04-14 22:53:20 [restartedMain] [o.s.b.d.e.DevToolsPropertyDefaultsPostProcessor] ====message: For additional web related logging consider setting the 'logging.level.web' property to 'DEBUG'
[INFO ] 2020-04-14 22:53:20 [restartedMain] [o.s.b.w.e.tomcat.TomcatWebServer] ====message: Tomcat initialized with port(s): 8080 (http)
[INFO ] 2020-04-14 22:53:20 [restartedMain] [o.a.coyote.http11.Http11NioProtocol] ====message: Initializing ProtocolHandler ["http-nio-8080"]
[INFO ] 2020-04-14 22:53:20 [restartedMain] [o.a.catalina.core.StandardService] ====message: Starting service [Tomcat]
[INFO ] 2020-04-14 22:53:20 [restartedMain] [o.a.catalina.core.StandardEngine] ====message: Starting Servlet engine: [Apache Tomcat/9.0.33]
[INFO ] 2020-04-14 22:53:20 [restartedMain] [o.a.c.c.C.[Tomcat].[localhost].[/]] ====message: Initializing Spring embedded WebApplicationContext
[INFO ] 2020-04-14 22:53:20 [restartedMain] [o.s.web.context.ContextLoader] ====message: Root WebApplicationContext: initialization completed in 1309 ms
[INFO ] 2020-04-14 22:53:20 [MLog-Init-Reporter] [com.mchange.v2.log.MLog] ====message: MLog clients using slf4j logging.
[INFO ] 2020-04-14 22:53:20 [restartedMain] [com.mchange.v2.c3p0.C3P0Registry] ====message: Initializing c3p0-0.9.5.4 [built 23-March-2019 23:00:48 -0700; debug? true; trace: 10]
[INFO ] 2020-04-14 22:53:20 [restartedMain] [o.s.s.c.ThreadPoolTaskExecutor] ====message: Initializing ExecutorService 'applicationTaskExecutor'
[INFO ] 2020-04-14 22:53:20 [restartedMain] [o.s.b.a.w.s.WelcomePageHandlerMapping] ====message: Adding welcome page template: index
[INFO ] 2020-04-14 22:53:20 [restartedMain] [o.s.b.d.a.OptionalLiveReloadServer] ====message: LiveReload server is running on port 35729
[INFO ] 2020-04-14 22:53:20 [restartedMain] [o.a.coyote.http11.Http11NioProtocol] ====message: Starting ProtocolHandler ["http-nio-8080"]
[INFO ] 2020-04-14 22:53:20 [restartedMain] [o.s.b.w.e.tomcat.TomcatWebServer] ====message: Tomcat started on port(s): 8080 (http) with context path ''
[INFO ] 2020-04-14 22:53:20 [restartedMain] [com.cognizant.ams.EmailApplication] ====message: Started EmailApplication in 2.811 seconds (JVM running for 3.339)
[INFO ] 2020-04-14 22:53:20 [http-nio-8080-exec-1] [o.a.c.c.C.[Tomcat].[localhost].[/]] ====message: Initializing Spring DispatcherServlet 'dispatcherServlet'
[INFO ] 2020-04-14 22:53:20 [http-nio-8080-exec-1] [o.s.web.servlet.DispatcherServlet] ====message: Initializing Servlet 'dispatcherServlet'
[INFO ] 2020-04-14 22:53:20 [http-nio-8080-exec-1] [o.s.web.servlet.DispatcherServlet] ====message: Completed initialization in 4 ms
[INFO ] 2020-04-14 22:53:20 [http-nio-8080-exec-5] [c.m.v.c.i.AbstractPoolBackedDataSource] ====message: Initializing c3p0 pool... com.mchange.v2.c3p0.ComboPooledDataSource [ acquireIncrement -> 3, acquireRetryAttempts -> 30, acquireRetryDelay -> 1000, autoCommitOnClose -> false, automaticTestTable -> null, breakAfterAcquireFailure -> false, checkoutTimeout -> 0, connectionCustomizerClassName -> null, connectionTesterClassName -> com.mchange.v2.c3p0.impl.DefaultConnectionTester, contextClassLoaderSource -> caller, dataSourceName -> 1hge137a9xmfqjkebb3dw|3e594ebe, debugUnreturnedConnectionStackTraces -> false, description -> null, driverClass -> null, extensions -> {}, factoryClassLocation -> null, forceIgnoreUnresolvedTransactions -> false, forceSynchronousCheckins -> false, forceUseNamedDriverClass -> false, identityToken -> 1hge137a9xmfqjkebb3dw|3e594ebe, idleConnectionTestPeriod -> 0, initialPoolSize -> 3, jdbcUrl -> jdbc:sqlserver://localhost:1433;DatabaseName=George, maxAdministrativeTaskTime -> 0, maxConnectionAge -> 0, maxIdleTime -> 0, maxIdleTimeExcessConnections -> 0, maxPoolSize -> 15, maxStatements -> 0, maxStatementsPerConnection -> 0, minPoolSize -> 3, numHelperThreads -> 3, preferredTestQuery -> null, privilegeSpawnedThreads -> false, properties -> {user=******, password=******}, propertyCycle -> 0, statementCacheNumDeferredCloseThreads -> 0, testConnectionOnCheckin -> false, testConnectionOnCheckout -> false, unreturnedConnectionTimeout -> 0, userOverrides -> {}, usesTraditionalReflectiveProxies -> false ]
[INFO ] 2020-04-14 23:07:21 [restartedMain] [com.cognizant.ams.EmailApplication] ====message: Starting EmailApplication on GeorgeChan with PID 10200 (C:\Users\75438\Desktop\git\NewEmail\target\classes started by 75438 in C:\Users\75438\Desktop\git\NewEmail)
[INFO ] 2020-04-14 23:07:21 [restartedMain] [com.cognizant.ams.EmailApplication] ====message: The following profiles are active: local
[INFO ] 2020-04-14 23:07:21 [restartedMain] [o.s.b.d.restart.ChangeableUrls] ====message: The Class-Path manifest attribute in D:\1_JavaDevelopment\maven\repository\com\mchange\c3p0\0.9.5.4\c3p0-0.9.5.4.jar referenced one or more files that do not exist: file:/D:/1_JavaDevelopment/maven/repository/com/mchange/c3p0/0.9.5.4/mchange-commons-java-0.2.15.jar
[INFO ] 2020-04-14 23:07:21 [restartedMain] [o.s.b.d.e.DevToolsPropertyDefaultsPostProcessor] ====message: Devtools property defaults active! Set 'spring.devtools.add-properties' to 'false' to disable
[INFO ] 2020-04-14 23:07:21 [restartedMain] [o.s.b.d.e.DevToolsPropertyDefaultsPostProcessor] ====message: For additional web related logging consider setting the 'logging.level.web' property to 'DEBUG'
[INFO ] 2020-04-14 23:07:21 [restartedMain] [o.s.b.w.e.tomcat.TomcatWebServer] ====message: Tomcat initialized with port(s): 8080 (http)
[INFO ] 2020-04-14 23:07:21 [restartedMain] [o.a.coyote.http11.Http11NioProtocol] ====message: Initializing ProtocolHandler ["http-nio-8080"]
[INFO ] 2020-04-14 23:07:21 [restartedMain] [o.a.catalina.core.StandardService] ====message: Starting service [Tomcat]
[INFO ] 2020-04-14 23:07:21 [restartedMain] [o.a.catalina.core.StandardEngine] ====message: Starting Servlet engine: [Apache Tomcat/9.0.33]
[INFO ] 2020-04-14 23:07:21 [restartedMain] [o.a.c.c.C.[Tomcat].[localhost].[/]] ====message: Initializing Spring embedded WebApplicationContext
[INFO ] 2020-04-14 23:07:21 [restartedMain] [o.s.web.context.ContextLoader] ====message: Root WebApplicationContext: initialization completed in 1357 ms
[INFO ] 2020-04-14 23:07:21 [MLog-Init-Reporter] [com.mchange.v2.log.MLog] ====message: MLog clients using slf4j logging.
[INFO ] 2020-04-14 23:07:21 [restartedMain] [com.mchange.v2.c3p0.C3P0Registry] ====message: Initializing c3p0-0.9.5.4 [built 23-March-2019 23:00:48 -0700; debug? true; trace: 10]
[INFO ] 2020-04-14 23:07:21 [restartedMain] [o.s.s.c.ThreadPoolTaskExecutor] ====message: Initializing ExecutorService 'applicationTaskExecutor'
[INFO ] 2020-04-14 23:07:21 [restartedMain] [o.s.b.a.w.s.WelcomePageHandlerMapping] ====message: Adding welcome page template: index
[INFO ] 2020-04-14 23:07:21 [restartedMain] [o.s.b.d.a.OptionalLiveReloadServer] ====message: LiveReload server is running on port 35729
[INFO ] 2020-04-14 23:07:21 [restartedMain] [o.a.coyote.http11.Http11NioProtocol] ====message: Starting ProtocolHandler ["http-nio-8080"]
[INFO ] 2020-04-14 23:07:21 [restartedMain] [o.s.b.w.e.tomcat.TomcatWebServer] ====message: Tomcat started on port(s): 8080 (http) with context path ''
[INFO ] 2020-04-14 23:07:21 [restartedMain] [com.cognizant.ams.EmailApplication] ====message: Started EmailApplication in 2.799 seconds (JVM running for 3.369)
[INFO ] 2020-04-14 23:07:21 [http-nio-8080-exec-1] [o.a.c.c.C.[Tomcat].[localhost].[/]] ====message: Initializing Spring DispatcherServlet 'dispatcherServlet'
[INFO ] 2020-04-14 23:07:21 [http-nio-8080-exec-1] [o.s.web.servlet.DispatcherServlet] ====message: Initializing Servlet 'dispatcherServlet'
[INFO ] 2020-04-14 23:07:21 [http-nio-8080-exec-1] [o.s.web.servlet.DispatcherServlet] ====message: Completed initialization in 4 ms
[INFO ] 2020-04-14 23:07:21 [http-nio-8080-exec-5] [c.m.v.c.i.AbstractPoolBackedDataSource] ====message: Initializing c3p0 pool... com.mchange.v2.c3p0.ComboPooledDataSource [ acquireIncrement -> 3, acquireRetryAttempts -> 30, acquireRetryDelay -> 1000, autoCommitOnClose -> false, automaticTestTable -> null, breakAfterAcquireFailure -> false, checkoutTimeout -> 0, connectionCustomizerClassName -> null, connectionTesterClassName -> com.mchange.v2.c3p0.impl.DefaultConnectionTester, contextClassLoaderSource -> caller, dataSourceName -> 1hge137a9xmxrsu1xx3iva|47b4ab6d, debugUnreturnedConnectionStackTraces -> false, description -> null, driverClass -> null, extensions -> {}, factoryClassLocation -> null, forceIgnoreUnresolvedTransactions -> false, forceSynchronousCheckins -> false, forceUseNamedDriverClass -> false, identityToken -> 1hge137a9xmxrsu1xx3iva|47b4ab6d, idleConnectionTestPeriod -> 0, initialPoolSize -> 3, jdbcUrl -> jdbc:sqlserver://localhost:1433;DatabaseName=George, maxAdministrativeTaskTime -> 0, maxConnectionAge -> 0, maxIdleTime -> 0, maxIdleTimeExcessConnections -> 0, maxPoolSize -> 15, maxStatements -> 0, maxStatementsPerConnection -> 0, minPoolSize -> 3, numHelperThreads -> 3, preferredTestQuery -> null, privilegeSpawnedThreads -> false, properties -> {user=******, password=******}, propertyCycle -> 0, statementCacheNumDeferredCloseThreads -> 0, testConnectionOnCheckin -> false, testConnectionOnCheckout -> false, unreturnedConnectionTimeout -> 0, userOverrides -> {}, usesTraditionalReflectiveProxies -> false ]
[INFO ] 2020-04-14 23:15:58 [restartedMain] [com.cognizant.ams.EmailApplication] ====message: Starting EmailApplication on GeorgeChan with PID 16408 (C:\Users\75438\Desktop\git\NewEmail\target\classes started by 75438 in C:\Users\75438\Desktop\git\NewEmail)
[INFO ] 2020-04-14 23:15:58 [restartedMain] [com.cognizant.ams.EmailApplication] ====message: The following profiles are active: local
[INFO ] 2020-04-14 23:15:58 [restartedMain] [o.s.b.d.restart.ChangeableUrls] ====message: The Class-Path manifest attribute in D:\1_JavaDevelopment\maven\repository\com\mchange\c3p0\0.9.5.4\c3p0-0.9.5.4.jar referenced one or more files that do not exist: file:/D:/1_JavaDevelopment/maven/repository/com/mchange/c3p0/0.9.5.4/mchange-commons-java-0.2.15.jar
[INFO ] 2020-04-14 23:15:58 [restartedMain] [o.s.b.d.e.DevToolsPropertyDefaultsPostProcessor] ====message: Devtools property defaults active! Set 'spring.devtools.add-properties' to 'false' to disable
[INFO ] 2020-04-14 23:15:58 [restartedMain] [o.s.b.d.e.DevToolsPropertyDefaultsPostProcessor] ====message: For additional web related logging consider setting the 'logging.level.web' property to 'DEBUG'
[INFO ] 2020-04-14 23:15:58 [restartedMain] [o.s.b.w.e.tomcat.TomcatWebServer] ====message: Tomcat initialized with port(s): 8080 (http)
[INFO ] 2020-04-14 23:15:58 [restartedMain] [o.a.coyote.http11.Http11NioProtocol] ====message: Initializing ProtocolHandler ["http-nio-8080"]
[INFO ] 2020-04-14 23:15:58 [restartedMain] [o.a.catalina.core.StandardService] ====message: Starting service [Tomcat]
[INFO ] 2020-04-14 23:15:58 [restartedMain] [o.a.catalina.core.StandardEngine] ====message: Starting Servlet engine: [Apache Tomcat/9.0.33]
[INFO ] 2020-04-14 23:15:58 [restartedMain] [o.a.c.c.C.[Tomcat].[localhost].[/]] ====message: Initializing Spring embedded WebApplicationContext
[INFO ] 2020-04-14 23:15:58 [restartedMain] [o.s.web.context.ContextLoader] ====message: Root WebApplicationContext: initialization completed in 1372 ms
[INFO ] 2020-04-14 23:15:58 [MLog-Init-Reporter] [com.mchange.v2.log.MLog] ====message: MLog clients using slf4j logging.
[INFO ] 2020-04-14 23:15:58 [restartedMain] [com.mchange.v2.c3p0.C3P0Registry] ====message: Initializing c3p0-0.9.5.4 [built 23-March-2019 23:00:48 -0700; debug? true; trace: 10]
[INFO ] 2020-04-14 23:15:58 [restartedMain] [o.s.s.c.ThreadPoolTaskExecutor] ====message: Initializing ExecutorService 'applicationTaskExecutor'
[INFO ] 2020-04-14 23:15:58 [restartedMain] [o.s.b.a.w.s.WelcomePageHandlerMapping] ====message: Adding welcome page template: index
[INFO ] 2020-04-14 23:15:58 [restartedMain] [o.s.b.d.a.OptionalLiveReloadServer] ====message: LiveReload server is running on port 35729
[INFO ] 2020-04-14 23:15:58 [restartedMain] [o.a.coyote.http11.Http11NioProtocol] ====message: Starting ProtocolHandler ["http-nio-8080"]
[INFO ] 2020-04-14 23:15:58 [restartedMain] [o.s.b.w.e.tomcat.TomcatWebServer] ====message: Tomcat started on port(s): 8080 (http) with context path ''
[INFO ] 2020-04-14 23:15:58 [restartedMain] [com.cognizant.ams.EmailApplication] ====message: Started EmailApplication in 2.836 seconds (JVM running for 3.354)
[INFO ] 2020-04-14 23:15:58 [http-nio-8080-exec-1] [o.a.c.c.C.[Tomcat].[localhost].[/]] ====message: Initializing Spring DispatcherServlet 'dispatcherServlet'
[INFO ] 2020-04-14 23:15:58 [http-nio-8080-exec-1] [o.s.web.servlet.DispatcherServlet] ====message: Initializing Servlet 'dispatcherServlet'
[INFO ] 2020-04-14 23:15:58 [http-nio-8080-exec-1] [o.s.web.servlet.DispatcherServlet] ====message: Completed initialization in 5 ms
