[INFO ] 2020-04-09 15:41:19 [restartedMain] [com.cognizant.ams.EmailApplication] ====message: Starting EmailApplication on CNHTPYHZ2 with PID 7856 (C:\Users\change\Desktop\Repository\NewEmail\target\classes started by change in C:\Users\change\Desktop\Repository\NewEmail)
[INFO ] 2020-04-09 15:41:19 [restartedMain] [com.cognizant.ams.EmailApplication] ====message: The following profiles are active: uat
[INFO ] 2020-04-09 15:41:19 [restartedMain] [o.s.b.d.restart.ChangeableUrls] ====message: The Class-Path manifest attribute in D:\JavaDevelopment\maven\maven-repository\com\mchange\c3p0\0.9.5.4\c3p0-0.9.5.4.jar referenced one or more files that do not exist: file:/D:/JavaDevelopment/maven/maven-repository/com/mchange/c3p0/0.9.5.4/mchange-commons-java-0.2.15.jar
[INFO ] 2020-04-09 15:41:19 [restartedMain] [o.s.b.d.e.DevToolsPropertyDefaultsPostProcessor] ====message: Devtools property defaults active! Set 'spring.devtools.add-properties' to 'false' to disable
[INFO ] 2020-04-09 15:41:19 [restartedMain] [o.s.b.d.e.DevToolsPropertyDefaultsPostProcessor] ====message: For additional web related logging consider setting the 'logging.level.web' property to 'DEBUG'
[INFO ] 2020-04-09 15:41:19 [restartedMain] [o.s.b.w.e.tomcat.TomcatWebServer] ====message: Tomcat initialized with port(s): 8080 (http)
[INFO ] 2020-04-09 15:41:19 [restartedMain] [o.a.coyote.http11.Http11NioProtocol] ====message: Initializing ProtocolHandler ["http-nio-8080"]
[INFO ] 2020-04-09 15:41:19 [restartedMain] [o.a.catalina.core.StandardService] ====message: Starting service [Tomcat]
[INFO ] 2020-04-09 15:41:19 [restartedMain] [o.a.catalina.core.StandardEngine] ====message: Starting Servlet engine: [Apache Tomcat/9.0.33]
[INFO ] 2020-04-09 15:41:19 [restartedMain] [o.a.c.c.C.[Tomcat].[localhost].[/]] ====message: Initializing Spring embedded WebApplicationContext
[INFO ] 2020-04-09 15:41:19 [restartedMain] [o.s.web.context.ContextLoader] ====message: Root WebApplicationContext: initialization completed in 1275 ms
[INFO ] 2020-04-09 15:41:19 [MLog-Init-Reporter] [com.mchange.v2.log.MLog] ====message: MLog clients using slf4j logging.
[INFO ] 2020-04-09 15:41:19 [restartedMain] [com.mchange.v2.c3p0.C3P0Registry] ====message: Initializing c3p0-0.9.5.4 [built 23-March-2019 23:00:48 -0700; debug? true; trace: 10]
[INFO ] 2020-04-09 15:41:19 [restartedMain] [o.s.s.c.ThreadPoolTaskExecutor] ====message: Initializing ExecutorService 'applicationTaskExecutor'
[INFO ] 2020-04-09 15:41:19 [restartedMain] [o.s.b.a.w.s.WelcomePageHandlerMapping] ====message: Adding welcome page template: index
[INFO ] 2020-04-09 15:41:19 [restartedMain] [o.s.b.d.a.OptionalLiveReloadServer] ====message: LiveReload server is running on port 35729
[INFO ] 2020-04-09 15:41:19 [restartedMain] [o.a.coyote.http11.Http11NioProtocol] ====message: Starting ProtocolHandler ["http-nio-8080"]
[INFO ] 2020-04-09 15:41:19 [restartedMain] [o.s.b.w.e.tomcat.TomcatWebServer] ====message: Tomcat started on port(s): 8080 (http) with context path ''
[INFO ] 2020-04-09 15:41:19 [restartedMain] [com.cognizant.ams.EmailApplication] ====message: Started EmailApplication in 2.925 seconds (JVM running for 3.799)
[INFO ] 2020-04-09 15:41:19 [http-nio-8080-exec-1] [o.a.c.c.C.[Tomcat].[localhost].[/]] ====message: Initializing Spring DispatcherServlet 'dispatcherServlet'
[INFO ] 2020-04-09 15:41:19 [http-nio-8080-exec-1] [o.s.web.servlet.DispatcherServlet] ====message: Initializing Servlet 'dispatcherServlet'
[INFO ] 2020-04-09 15:41:19 [http-nio-8080-exec-1] [o.s.web.servlet.DispatcherServlet] ====message: Completed initialization in 6 ms
