[INFO ] 2020-04-13 16:13:44 [Thread-192] [o.s.s.c.ThreadPoolTaskExecutor] ====message: Shutting down ExecutorService 'applicationTaskExecutor'
[INFO ] 2020-04-14 09:58:31 [restartedMain] [com.cognizant.ams.EmailApplication] ====message: Starting EmailApplication on CNHTPYHZ2 with PID 12708 (C:\Users\change\Desktop\Repository\NewEmail\target\classes started by change in C:\Users\change\Desktop\Repository\NewEmail)
[INFO ] 2020-04-14 09:58:31 [restartedMain] [com.cognizant.ams.EmailApplication] ====message: The following profiles are active: uat
[INFO ] 2020-04-14 09:58:31 [restartedMain] [o.s.b.w.e.tomcat.TomcatWebServer] ====message: Tomcat initialized with port(s): 8080 (http)
[INFO ] 2020-04-14 09:58:31 [restartedMain] [o.a.coyote.http11.Http11NioProtocol] ====message: Initializing ProtocolHandler ["http-nio-8080"]
[INFO ] 2020-04-14 09:58:31 [restartedMain] [o.a.catalina.core.StandardService] ====message: Starting service [Tomcat]
[INFO ] 2020-04-14 09:58:31 [restartedMain] [o.a.catalina.core.StandardEngine] ====message: Starting Servlet engine: [Apache Tomcat/9.0.33]
[INFO ] 2020-04-14 09:58:31 [restartedMain] [o.a.c.c.C.[Tomcat-1].[localhost].[/]] ====message: Initializing Spring embedded WebApplicationContext
[INFO ] 2020-04-14 09:58:31 [restartedMain] [o.s.web.context.ContextLoader] ====message: Root WebApplicationContext: initialization completed in 1903 ms
[INFO ] 2020-04-14 09:58:31 [restartedMain] [o.s.s.c.ThreadPoolTaskExecutor] ====message: Initializing ExecutorService 'applicationTaskExecutor'
[INFO ] 2020-04-14 09:58:31 [restartedMain] [o.s.b.a.w.s.WelcomePageHandlerMapping] ====message: Adding welcome page template: index
[INFO ] 2020-04-14 09:58:31 [restartedMain] [o.s.b.d.a.OptionalLiveReloadServer] ====message: LiveReload server is running on port 35729
[INFO ] 2020-04-14 09:58:31 [restartedMain] [o.a.coyote.http11.Http11NioProtocol] ====message: Starting ProtocolHandler ["http-nio-8080"]
[INFO ] 2020-04-14 09:58:31 [restartedMain] [o.s.b.w.e.tomcat.TomcatWebServer] ====message: Tomcat started on port(s): 8080 (http) with context path ''
[INFO ] 2020-04-14 09:58:31 [restartedMain] [com.cognizant.ams.EmailApplication] ====message: Started EmailApplication in 2.4 seconds (JVM running for 66801.758)
[INFO ] 2020-04-14 09:58:31 [restartedMain] [o.s.b.d.a.ConditionEvaluationDeltaLoggingListener] ====message: Condition evaluation unchanged
[INFO ] 2020-04-14 09:58:31 [Thread-201] [o.s.s.c.ThreadPoolTaskExecutor] ====message: Shutting down ExecutorService 'applicationTaskExecutor'
[INFO ] 2020-04-14 09:59:42 [restartedMain] [com.cognizant.ams.EmailApplication] ====message: Starting EmailApplication on CNHTPYHZ2 with PID 12708 (C:\Users\change\Desktop\Repository\NewEmail\target\classes started by change in C:\Users\change\Desktop\Repository\NewEmail)
[INFO ] 2020-04-14 09:59:42 [restartedMain] [com.cognizant.ams.EmailApplication] ====message: The following profiles are active: uat
[INFO ] 2020-04-14 09:59:42 [restartedMain] [o.s.b.w.e.tomcat.TomcatWebServer] ====message: Tomcat initialized with port(s): 8080 (http)
[INFO ] 2020-04-14 09:59:42 [restartedMain] [o.a.coyote.http11.Http11NioProtocol] ====message: Initializing ProtocolHandler ["http-nio-8080"]
[INFO ] 2020-04-14 09:59:42 [restartedMain] [o.a.catalina.core.StandardService] ====message: Starting service [Tomcat]
[INFO ] 2020-04-14 09:59:42 [restartedMain] [o.a.catalina.core.StandardEngine] ====message: Starting Servlet engine: [Apache Tomcat/9.0.33]
[INFO ] 2020-04-14 09:59:42 [restartedMain] [o.a.c.c.C.[Tomcat-1].[localhost].[/]] ====message: Initializing Spring embedded WebApplicationContext
[INFO ] 2020-04-14 09:59:42 [restartedMain] [o.s.web.context.ContextLoader] ====message: Root WebApplicationContext: initialization completed in 1407 ms
[INFO ] 2020-04-14 09:59:42 [restartedMain] [o.a.catalina.core.StandardService] ====message: Stopping service [Tomcat]
[INFO ] 2020-04-14 10:00:41 [restartedMain] [com.cognizant.ams.EmailApplication] ====message: Starting EmailApplication on CNHTPYHZ2 with PID 12708 (C:\Users\change\Desktop\Repository\NewEmail\target\classes started by change in C:\Users\change\Desktop\Repository\NewEmail)
[INFO ] 2020-04-14 10:00:41 [restartedMain] [com.cognizant.ams.EmailApplication] ====message: The following profiles are active: uat
[INFO ] 2020-04-14 10:00:41 [restartedMain] [o.s.b.w.e.tomcat.TomcatWebServer] ====message: Tomcat initialized with port(s): 8080 (http)
[INFO ] 2020-04-14 10:00:41 [restartedMain] [o.a.coyote.http11.Http11NioProtocol] ====message: Initializing ProtocolHandler ["http-nio-8080"]
[INFO ] 2020-04-14 10:00:41 [restartedMain] [o.a.catalina.core.StandardService] ====message: Starting service [Tomcat]
[INFO ] 2020-04-14 10:00:41 [restartedMain] [o.a.catalina.core.StandardEngine] ====message: Starting Servlet engine: [Apache Tomcat/9.0.33]
[INFO ] 2020-04-14 10:00:41 [restartedMain] [o.a.c.c.C.[Tomcat-2].[localhost].[/]] ====message: Initializing Spring embedded WebApplicationContext
[INFO ] 2020-04-14 10:00:41 [restartedMain] [o.s.web.context.ContextLoader] ====message: Root WebApplicationContext: initialization completed in 352 ms
[INFO ] 2020-04-14 10:00:41 [restartedMain] [o.a.catalina.core.StandardService] ====message: Stopping service [Tomcat]
[INFO ] 2020-04-14 10:02:10 [restartedMain] [com.cognizant.ams.EmailApplication] ====message: Starting EmailApplication on CNHTPYHZ2 with PID 12708 (C:\Users\change\Desktop\Repository\NewEmail\target\classes started by change in C:\Users\change\Desktop\Repository\NewEmail)
[INFO ] 2020-04-14 10:02:10 [restartedMain] [com.cognizant.ams.EmailApplication] ====message: The following profiles are active: uat
[INFO ] 2020-04-14 10:02:10 [restartedMain] [o.s.b.w.e.tomcat.TomcatWebServer] ====message: Tomcat initialized with port(s): 8080 (http)
[INFO ] 2020-04-14 10:02:10 [restartedMain] [o.a.coyote.http11.Http11NioProtocol] ====message: Initializing ProtocolHandler ["http-nio-8080"]
[INFO ] 2020-04-14 10:02:10 [restartedMain] [o.a.catalina.core.StandardService] ====message: Starting service [Tomcat]
[INFO ] 2020-04-14 10:02:10 [restartedMain] [o.a.catalina.core.StandardEngine] ====message: Starting Servlet engine: [Apache Tomcat/9.0.33]
[INFO ] 2020-04-14 10:02:10 [restartedMain] [o.a.c.c.C.[Tomcat-3].[localhost].[/]] ====message: Initializing Spring embedded WebApplicationContext
[INFO ] 2020-04-14 10:02:10 [restartedMain] [o.s.web.context.ContextLoader] ====message: Root WebApplicationContext: initialization completed in 307 ms
[INFO ] 2020-04-14 10:02:10 [restartedMain] [o.a.catalina.core.StandardService] ====message: Stopping service [Tomcat]
[INFO ] 2020-04-14 10:03:34 [restartedMain] [com.cognizant.ams.EmailApplication] ====message: Starting EmailApplication on CNHTPYHZ2 with PID 15436 (C:\Users\change\Desktop\Repository\NewEmail\target\classes started by change in C:\Users\change\Desktop\Repository\NewEmail)
[INFO ] 2020-04-14 10:03:34 [restartedMain] [com.cognizant.ams.EmailApplication] ====message: The following profiles are active: uat
[INFO ] 2020-04-14 10:03:34 [restartedMain] [o.s.b.d.restart.ChangeableUrls] ====message: The Class-Path manifest attribute in D:\JavaDevelopment\maven\maven-repository\com\mchange\c3p0\0.9.5.4\c3p0-0.9.5.4.jar referenced one or more files that do not exist: file:/D:/JavaDevelopment/maven/maven-repository/com/mchange/c3p0/0.9.5.4/mchange-commons-java-0.2.15.jar
[INFO ] 2020-04-14 10:03:34 [restartedMain] [o.s.b.d.e.DevToolsPropertyDefaultsPostProcessor] ====message: Devtools property defaults active! Set 'spring.devtools.add-properties' to 'false' to disable
[INFO ] 2020-04-14 10:03:34 [restartedMain] [o.s.b.d.e.DevToolsPropertyDefaultsPostProcessor] ====message: For additional web related logging consider setting the 'logging.level.web' property to 'DEBUG'
[INFO ] 2020-04-14 10:03:34 [restartedMain] [o.s.b.w.e.tomcat.TomcatWebServer] ====message: Tomcat initialized with port(s): 8080 (http)
[INFO ] 2020-04-14 10:03:34 [restartedMain] [o.a.coyote.http11.Http11NioProtocol] ====message: Initializing ProtocolHandler ["http-nio-8080"]
[INFO ] 2020-04-14 10:03:34 [restartedMain] [o.a.catalina.core.StandardService] ====message: Starting service [Tomcat]
[INFO ] 2020-04-14 10:03:34 [restartedMain] [o.a.catalina.core.StandardEngine] ====message: Starting Servlet engine: [Apache Tomcat/9.0.33]
[INFO ] 2020-04-14 10:03:34 [restartedMain] [o.a.c.c.C.[Tomcat].[localhost].[/]] ====message: Initializing Spring embedded WebApplicationContext
[INFO ] 2020-04-14 10:03:34 [restartedMain] [o.s.web.context.ContextLoader] ====message: Root WebApplicationContext: initialization completed in 1563 ms
[INFO ] 2020-04-14 10:03:34 [MLog-Init-Reporter] [com.mchange.v2.log.MLog] ====message: MLog clients using slf4j logging.
[INFO ] 2020-04-14 10:03:34 [restartedMain] [com.mchange.v2.c3p0.C3P0Registry] ====message: Initializing c3p0-0.9.5.4 [built 23-March-2019 23:00:48 -0700; debug? true; trace: 10]
[INFO ] 2020-04-14 10:03:34 [restartedMain] [o.a.catalina.core.StandardService] ====message: Stopping service [Tomcat]
[INFO ] 2020-04-14 10:06:38 [restartedMain] [com.cognizant.ams.EmailApplication] ====message: Starting EmailApplication on CNHTPYHZ2 with PID 8532 (C:\Users\change\Desktop\Repository\NewEmail\target\classes started by change in C:\Users\change\Desktop\Repository\NewEmail)
[INFO ] 2020-04-14 10:06:38 [restartedMain] [com.cognizant.ams.EmailApplication] ====message: The following profiles are active: uat
[INFO ] 2020-04-14 10:06:38 [restartedMain] [o.s.b.d.restart.ChangeableUrls] ====message: The Class-Path manifest attribute in D:\JavaDevelopment\maven\maven-repository\com\mchange\c3p0\0.9.5.4\c3p0-0.9.5.4.jar referenced one or more files that do not exist: file:/D:/JavaDevelopment/maven/maven-repository/com/mchange/c3p0/0.9.5.4/mchange-commons-java-0.2.15.jar
[INFO ] 2020-04-14 10:06:38 [restartedMain] [o.s.b.d.e.DevToolsPropertyDefaultsPostProcessor] ====message: Devtools property defaults active! Set 'spring.devtools.add-properties' to 'false' to disable
[INFO ] 2020-04-14 10:06:38 [restartedMain] [o.s.b.d.e.DevToolsPropertyDefaultsPostProcessor] ====message: For additional web related logging consider setting the 'logging.level.web' property to 'DEBUG'
[INFO ] 2020-04-14 10:06:38 [restartedMain] [o.s.b.w.e.tomcat.TomcatWebServer] ====message: Tomcat initialized with port(s): 8080 (http)
[INFO ] 2020-04-14 10:06:38 [restartedMain] [o.a.coyote.http11.Http11NioProtocol] ====message: Initializing ProtocolHandler ["http-nio-8080"]
[INFO ] 2020-04-14 10:06:38 [restartedMain] [o.a.catalina.core.StandardService] ====message: Starting service [Tomcat]
[INFO ] 2020-04-14 10:06:38 [restartedMain] [o.a.catalina.core.StandardEngine] ====message: Starting Servlet engine: [Apache Tomcat/9.0.33]
[INFO ] 2020-04-14 10:06:38 [restartedMain] [o.a.c.c.C.[Tomcat].[localhost].[/]] ====message: Initializing Spring embedded WebApplicationContext
[INFO ] 2020-04-14 10:06:38 [restartedMain] [o.s.web.context.ContextLoader] ====message: Root WebApplicationContext: initialization completed in 1247 ms
[INFO ] 2020-04-14 10:06:38 [MLog-Init-Reporter] [com.mchange.v2.log.MLog] ====message: MLog clients using slf4j logging.
[INFO ] 2020-04-14 10:06:38 [restartedMain] [com.mchange.v2.c3p0.C3P0Registry] ====message: Initializing c3p0-0.9.5.4 [built 23-March-2019 23:00:48 -0700; debug? true; trace: 10]
[INFO ] 2020-04-14 10:06:38 [restartedMain] [o.a.catalina.core.StandardService] ====message: Stopping service [Tomcat]
[INFO ] 2020-04-14 10:08:24 [restartedMain] [com.cognizant.ams.EmailApplication] ====message: Starting EmailApplication on CNHTPYHZ2 with PID 968 (C:\Users\change\Desktop\Repository\NewEmail\target\classes started by change in C:\Users\change\Desktop\Repository\NewEmail)
[INFO ] 2020-04-14 10:08:24 [restartedMain] [com.cognizant.ams.EmailApplication] ====message: The following profiles are active: uat
[INFO ] 2020-04-14 10:08:24 [restartedMain] [o.s.b.d.restart.ChangeableUrls] ====message: The Class-Path manifest attribute in D:\JavaDevelopment\maven\maven-repository\com\mchange\c3p0\0.9.5.4\c3p0-0.9.5.4.jar referenced one or more files that do not exist: file:/D:/JavaDevelopment/maven/maven-repository/com/mchange/c3p0/0.9.5.4/mchange-commons-java-0.2.15.jar
[INFO ] 2020-04-14 10:08:24 [restartedMain] [o.s.b.d.e.DevToolsPropertyDefaultsPostProcessor] ====message: Devtools property defaults active! Set 'spring.devtools.add-properties' to 'false' to disable
[INFO ] 2020-04-14 10:08:24 [restartedMain] [o.s.b.d.e.DevToolsPropertyDefaultsPostProcessor] ====message: For additional web related logging consider setting the 'logging.level.web' property to 'DEBUG'
[INFO ] 2020-04-14 10:08:24 [restartedMain] [o.s.b.w.e.tomcat.TomcatWebServer] ====message: Tomcat initialized with port(s): 8080 (http)
[INFO ] 2020-04-14 10:08:24 [restartedMain] [o.a.coyote.http11.Http11NioProtocol] ====message: Initializing ProtocolHandler ["http-nio-8080"]
[INFO ] 2020-04-14 10:08:24 [restartedMain] [o.a.catalina.core.StandardService] ====message: Starting service [Tomcat]
[INFO ] 2020-04-14 10:08:24 [restartedMain] [o.a.catalina.core.StandardEngine] ====message: Starting Servlet engine: [Apache Tomcat/9.0.33]
[INFO ] 2020-04-14 10:08:24 [restartedMain] [o.a.c.c.C.[Tomcat].[localhost].[/]] ====message: Initializing Spring embedded WebApplicationContext
[INFO ] 2020-04-14 10:08:24 [restartedMain] [o.s.web.context.ContextLoader] ====message: Root WebApplicationContext: initialization completed in 1245 ms
[INFO ] 2020-04-14 10:08:24 [MLog-Init-Reporter] [com.mchange.v2.log.MLog] ====message: MLog clients using slf4j logging.
[INFO ] 2020-04-14 10:08:24 [restartedMain] [com.mchange.v2.c3p0.C3P0Registry] ====message: Initializing c3p0-0.9.5.4 [built 23-March-2019 23:00:48 -0700; debug? true; trace: 10]
[INFO ] 2020-04-14 10:08:24 [restartedMain] [o.a.catalina.core.StandardService] ====message: Stopping service [Tomcat]
[INFO ] 2020-04-14 10:09:12 [restartedMain] [com.cognizant.ams.EmailApplication] ====message: Starting EmailApplication on CNHTPYHZ2 with PID 13992 (C:\Users\change\Desktop\Repository\NewEmail\target\classes started by change in C:\Users\change\Desktop\Repository\NewEmail)
[INFO ] 2020-04-14 10:09:12 [restartedMain] [com.cognizant.ams.EmailApplication] ====message: The following profiles are active: uat
[INFO ] 2020-04-14 10:09:12 [restartedMain] [o.s.b.d.restart.ChangeableUrls] ====message: The Class-Path manifest attribute in D:\JavaDevelopment\maven\maven-repository\com\mchange\c3p0\0.9.5.4\c3p0-0.9.5.4.jar referenced one or more files that do not exist: file:/D:/JavaDevelopment/maven/maven-repository/com/mchange/c3p0/0.9.5.4/mchange-commons-java-0.2.15.jar
[INFO ] 2020-04-14 10:09:12 [restartedMain] [o.s.b.d.e.DevToolsPropertyDefaultsPostProcessor] ====message: Devtools property defaults active! Set 'spring.devtools.add-properties' to 'false' to disable
[INFO ] 2020-04-14 10:09:12 [restartedMain] [o.s.b.d.e.DevToolsPropertyDefaultsPostProcessor] ====message: For additional web related logging consider setting the 'logging.level.web' property to 'DEBUG'
[INFO ] 2020-04-14 10:09:12 [restartedMain] [o.s.b.w.e.tomcat.TomcatWebServer] ====message: Tomcat initialized with port(s): 8080 (http)
[INFO ] 2020-04-14 10:09:12 [restartedMain] [o.a.coyote.http11.Http11NioProtocol] ====message: Initializing ProtocolHandler ["http-nio-8080"]
[INFO ] 2020-04-14 10:09:12 [restartedMain] [o.a.catalina.core.StandardService] ====message: Starting service [Tomcat]
[INFO ] 2020-04-14 10:09:12 [restartedMain] [o.a.catalina.core.StandardEngine] ====message: Starting Servlet engine: [Apache Tomcat/9.0.33]
[INFO ] 2020-04-14 10:09:12 [restartedMain] [o.a.c.c.C.[Tomcat].[localhost].[/]] ====message: Initializing Spring embedded WebApplicationContext
[INFO ] 2020-04-14 10:09:12 [restartedMain] [o.s.web.context.ContextLoader] ====message: Root WebApplicationContext: initialization completed in 1268 ms
[INFO ] 2020-04-14 10:09:12 [MLog-Init-Reporter] [com.mchange.v2.log.MLog] ====message: MLog clients using slf4j logging.
[INFO ] 2020-04-14 10:09:12 [restartedMain] [com.mchange.v2.c3p0.C3P0Registry] ====message: Initializing c3p0-0.9.5.4 [built 23-March-2019 23:00:48 -0700; debug? true; trace: 10]
[INFO ] 2020-04-14 10:09:12 [restartedMain] [o.a.catalina.core.StandardService] ====message: Stopping service [Tomcat]
[INFO ] 2020-04-14 10:09:56 [restartedMain] [com.cognizant.ams.EmailApplication] ====message: Starting EmailApplication on CNHTPYHZ2 with PID 14028 (C:\Users\change\Desktop\Repository\NewEmail\target\classes started by change in C:\Users\change\Desktop\Repository\NewEmail)
[INFO ] 2020-04-14 10:09:56 [restartedMain] [com.cognizant.ams.EmailApplication] ====message: The following profiles are active: uat
[INFO ] 2020-04-14 10:09:56 [restartedMain] [o.s.b.d.restart.ChangeableUrls] ====message: The Class-Path manifest attribute in D:\JavaDevelopment\maven\maven-repository\com\mchange\c3p0\0.9.5.4\c3p0-0.9.5.4.jar referenced one or more files that do not exist: file:/D:/JavaDevelopment/maven/maven-repository/com/mchange/c3p0/0.9.5.4/mchange-commons-java-0.2.15.jar
[INFO ] 2020-04-14 10:09:56 [restartedMain] [o.s.b.d.e.DevToolsPropertyDefaultsPostProcessor] ====message: Devtools property defaults active! Set 'spring.devtools.add-properties' to 'false' to disable
[INFO ] 2020-04-14 10:09:56 [restartedMain] [o.s.b.d.e.DevToolsPropertyDefaultsPostProcessor] ====message: For additional web related logging consider setting the 'logging.level.web' property to 'DEBUG'
[INFO ] 2020-04-14 10:09:56 [restartedMain] [o.s.b.w.e.tomcat.TomcatWebServer] ====message: Tomcat initialized with port(s): 8080 (http)
[INFO ] 2020-04-14 10:09:56 [restartedMain] [o.a.coyote.http11.Http11NioProtocol] ====message: Initializing ProtocolHandler ["http-nio-8080"]
[INFO ] 2020-04-14 10:09:56 [restartedMain] [o.a.catalina.core.StandardService] ====message: Starting service [Tomcat]
[INFO ] 2020-04-14 10:09:56 [restartedMain] [o.a.catalina.core.StandardEngine] ====message: Starting Servlet engine: [Apache Tomcat/9.0.33]
[INFO ] 2020-04-14 10:09:56 [restartedMain] [o.a.c.c.C.[Tomcat].[localhost].[/]] ====message: Initializing Spring embedded WebApplicationContext
[INFO ] 2020-04-14 10:09:56 [restartedMain] [o.s.web.context.ContextLoader] ====message: Root WebApplicationContext: initialization completed in 1270 ms
[INFO ] 2020-04-14 10:09:56 [MLog-Init-Reporter] [com.mchange.v2.log.MLog] ====message: MLog clients using slf4j logging.
[INFO ] 2020-04-14 10:09:56 [restartedMain] [com.mchange.v2.c3p0.C3P0Registry] ====message: Initializing c3p0-0.9.5.4 [built 23-March-2019 23:00:48 -0700; debug? true; trace: 10]
[INFO ] 2020-04-14 10:09:56 [restartedMain] [o.a.catalina.core.StandardService] ====message: Stopping service [Tomcat]
[INFO ] 2020-04-14 10:11:55 [restartedMain] [com.cognizant.ams.EmailApplication] ====message: Starting EmailApplication on CNHTPYHZ2 with PID 8492 (C:\Users\change\Desktop\Repository\NewEmail\target\classes started by change in C:\Users\change\Desktop\Repository\NewEmail)
[INFO ] 2020-04-14 10:11:55 [restartedMain] [com.cognizant.ams.EmailApplication] ====message: The following profiles are active: uat
[INFO ] 2020-04-14 10:11:55 [restartedMain] [o.s.b.d.restart.ChangeableUrls] ====message: The Class-Path manifest attribute in D:\JavaDevelopment\maven\maven-repository\com\mchange\c3p0\0.9.5.4\c3p0-0.9.5.4.jar referenced one or more files that do not exist: file:/D:/JavaDevelopment/maven/maven-repository/com/mchange/c3p0/0.9.5.4/mchange-commons-java-0.2.15.jar
[INFO ] 2020-04-14 10:11:55 [restartedMain] [o.s.b.d.e.DevToolsPropertyDefaultsPostProcessor] ====message: Devtools property defaults active! Set 'spring.devtools.add-properties' to 'false' to disable
[INFO ] 2020-04-14 10:11:55 [restartedMain] [o.s.b.d.e.DevToolsPropertyDefaultsPostProcessor] ====message: For additional web related logging consider setting the 'logging.level.web' property to 'DEBUG'
[INFO ] 2020-04-14 10:11:55 [restartedMain] [o.s.b.w.e.tomcat.TomcatWebServer] ====message: Tomcat initialized with port(s): 8080 (http)
[INFO ] 2020-04-14 10:11:55 [restartedMain] [o.a.coyote.http11.Http11NioProtocol] ====message: Initializing ProtocolHandler ["http-nio-8080"]
[INFO ] 2020-04-14 10:11:55 [restartedMain] [o.a.catalina.core.StandardService] ====message: Starting service [Tomcat]
[INFO ] 2020-04-14 10:11:55 [restartedMain] [o.a.catalina.core.StandardEngine] ====message: Starting Servlet engine: [Apache Tomcat/9.0.33]
[INFO ] 2020-04-14 10:11:55 [restartedMain] [o.a.c.c.C.[Tomcat].[localhost].[/]] ====message: Initializing Spring embedded WebApplicationContext
[INFO ] 2020-04-14 10:11:55 [restartedMain] [o.s.web.context.ContextLoader] ====message: Root WebApplicationContext: initialization completed in 1255 ms
[INFO ] 2020-04-14 10:11:55 [MLog-Init-Reporter] [com.mchange.v2.log.MLog] ====message: MLog clients using slf4j logging.
[INFO ] 2020-04-14 10:11:55 [restartedMain] [com.mchange.v2.c3p0.C3P0Registry] ====message: Initializing c3p0-0.9.5.4 [built 23-March-2019 23:00:48 -0700; debug? true; trace: 10]
[INFO ] 2020-04-14 10:11:55 [restartedMain] [o.s.s.c.ThreadPoolTaskExecutor] ====message: Initializing ExecutorService 'applicationTaskExecutor'
[INFO ] 2020-04-14 10:11:55 [restartedMain] [o.s.b.a.w.s.WelcomePageHandlerMapping] ====message: Adding welcome page template: index
[INFO ] 2020-04-14 10:11:55 [restartedMain] [o.s.b.d.a.OptionalLiveReloadServer] ====message: LiveReload server is running on port 35729
[INFO ] 2020-04-14 10:11:55 [restartedMain] [o.a.coyote.http11.Http11NioProtocol] ====message: Starting ProtocolHandler ["http-nio-8080"]
[INFO ] 2020-04-14 10:11:55 [restartedMain] [o.s.b.w.e.tomcat.TomcatWebServer] ====message: Tomcat started on port(s): 8080 (http) with context path ''
[INFO ] 2020-04-14 10:11:55 [restartedMain] [com.cognizant.ams.EmailApplication] ====message: Started EmailApplication in 2.826 seconds (JVM running for 3.602)
[INFO ] 2020-04-14 10:11:55 [http-nio-8080-exec-1] [o.a.c.c.C.[Tomcat].[localhost].[/]] ====message: Initializing Spring DispatcherServlet 'dispatcherServlet'
[INFO ] 2020-04-14 10:11:55 [http-nio-8080-exec-1] [o.s.web.servlet.DispatcherServlet] ====message: Initializing Servlet 'dispatcherServlet'
[INFO ] 2020-04-14 10:11:55 [http-nio-8080-exec-1] [o.s.web.servlet.DispatcherServlet] ====message: Completed initialization in 5 ms
[INFO ] 2020-04-14 10:11:55 [http-nio-8080-exec-5] [c.m.v.c.i.AbstractPoolBackedDataSource] ====message: Initializing c3p0 pool... com.mchange.v2.c3p0.ComboPooledDataSource [ acquireIncrement -> 3, acquireRetryAttempts -> 30, acquireRetryDelay -> 1000, autoCommitOnClose -> false, automaticTestTable -> null, breakAfterAcquireFailure -> false, checkoutTimeout -> 0, connectionCustomizerClassName -> null, connectionTesterClassName -> com.mchange.v2.c3p0.impl.DefaultConnectionTester, contextClassLoaderSource -> caller, dataSourceName -> 2ybz0ja9wv8jnb128ae57|6f9827ab, debugUnreturnedConnectionStackTraces -> false, description -> null, driverClass -> null, extensions -> {}, factoryClassLocation -> null, forceIgnoreUnresolvedTransactions -> false, forceSynchronousCheckins -> false, forceUseNamedDriverClass -> false, identityToken -> 2ybz0ja9wv8jnb128ae57|6f9827ab, idleConnectionTestPeriod -> 0, initialPoolSize -> 3, jdbcUrl -> jdbc:sqlserver://10.164.25.149:1433;DatabaseName=MetLifeEmail, maxAdministrativeTaskTime -> 0, maxConnectionAge -> 0, maxIdleTime -> 0, maxIdleTimeExcessConnections -> 0, maxPoolSize -> 15, maxStatements -> 0, maxStatementsPerConnection -> 0, minPoolSize -> 3, numHelperThreads -> 3, preferredTestQuery -> null, privilegeSpawnedThreads -> false, properties -> {user=******, password=******}, propertyCycle -> 0, statementCacheNumDeferredCloseThreads -> 0, testConnectionOnCheckin -> false, testConnectionOnCheckout -> false, unreturnedConnectionTimeout -> 0, userOverrides -> {}, usesTraditionalReflectiveProxies -> false ]
[INFO ] 2020-04-14 10:11:55 [Thread-7] [o.s.s.c.ThreadPoolTaskExecutor] ====message: Shutting down ExecutorService 'applicationTaskExecutor'
[INFO ] 2020-04-14 15:09:16 [restartedMain] [com.cognizant.ams.EmailApplication] ====message: Starting EmailApplication on CNHTPYHZ2 with PID 8492 (C:\Users\change\Desktop\Repository\NewEmail\target\classes started by change in C:\Users\change\Desktop\Repository\NewEmail)
[INFO ] 2020-04-14 15:09:16 [restartedMain] [com.cognizant.ams.EmailApplication] ====message: The following profiles are active: uat
[INFO ] 2020-04-14 15:09:16 [restartedMain] [o.s.b.w.e.tomcat.TomcatWebServer] ====message: Tomcat initialized with port(s): 8080 (http)
[INFO ] 2020-04-14 15:09:16 [restartedMain] [o.a.coyote.http11.Http11NioProtocol] ====message: Initializing ProtocolHandler ["http-nio-8080"]
[INFO ] 2020-04-14 15:09:16 [restartedMain] [o.a.catalina.core.StandardService] ====message: Starting service [Tomcat]
[INFO ] 2020-04-14 15:09:16 [restartedMain] [o.a.catalina.core.StandardEngine] ====message: Starting Servlet engine: [Apache Tomcat/9.0.33]
[INFO ] 2020-04-14 15:09:16 [restartedMain] [o.a.c.c.C.[Tomcat].[localhost].[/]] ====message: Initializing Spring embedded WebApplicationContext
[INFO ] 2020-04-14 15:09:16 [restartedMain] [o.s.web.context.ContextLoader] ====message: Root WebApplicationContext: initialization completed in 712 ms
[INFO ] 2020-04-14 15:09:16 [restartedMain] [o.s.s.c.ThreadPoolTaskExecutor] ====message: Initializing ExecutorService 'applicationTaskExecutor'
[INFO ] 2020-04-14 15:09:16 [restartedMain] [o.s.b.a.w.s.WelcomePageHandlerMapping] ====message: Adding welcome page template: index
[INFO ] 2020-04-14 15:09:16 [restartedMain] [o.s.b.d.a.OptionalLiveReloadServer] ====message: LiveReload server is running on port 35729
[INFO ] 2020-04-14 15:09:16 [restartedMain] [o.a.coyote.http11.Http11NioProtocol] ====message: Starting ProtocolHandler ["http-nio-8080"]
[INFO ] 2020-04-14 15:09:16 [restartedMain] [o.s.b.w.e.tomcat.TomcatWebServer] ====message: Tomcat started on port(s): 8080 (http) with context path ''
[INFO ] 2020-04-14 15:09:16 [restartedMain] [com.cognizant.ams.EmailApplication] ====message: Started EmailApplication in 1.198 seconds (JVM running for 17844.171)
[INFO ] 2020-04-14 15:09:16 [restartedMain] [o.s.b.d.a.ConditionEvaluationDeltaLoggingListener] ====message: Condition evaluation unchanged
[INFO ] 2020-04-14 15:09:16 [Thread-14] [o.s.s.c.ThreadPoolTaskExecutor] ====message: Shutting down ExecutorService 'applicationTaskExecutor'
[INFO ] 2020-04-14 15:09:37 [restartedMain] [com.cognizant.ams.EmailApplication] ====message: Starting EmailApplication on CNHTPYHZ2 with PID 8492 (C:\Users\change\Desktop\Repository\NewEmail\target\classes started by change in C:\Users\change\Desktop\Repository\NewEmail)
[INFO ] 2020-04-14 15:09:37 [restartedMain] [com.cognizant.ams.EmailApplication] ====message: The following profiles are active: uat
[INFO ] 2020-04-14 15:09:37 [restartedMain] [o.s.b.w.e.tomcat.TomcatWebServer] ====message: Tomcat initialized with port(s): 8080 (http)
[INFO ] 2020-04-14 15:09:37 [restartedMain] [o.a.coyote.http11.Http11NioProtocol] ====message: Initializing ProtocolHandler ["http-nio-8080"]
[INFO ] 2020-04-14 15:09:37 [restartedMain] [o.a.catalina.core.StandardService] ====message: Starting service [Tomcat]
[INFO ] 2020-04-14 15:09:37 [restartedMain] [o.a.catalina.core.StandardEngine] ====message: Starting Servlet engine: [Apache Tomcat/9.0.33]
[INFO ] 2020-04-14 15:09:37 [restartedMain] [o.a.c.c.C.[Tomcat].[localhost].[/]] ====message: Initializing Spring embedded WebApplicationContext
[INFO ] 2020-04-14 15:09:37 [restartedMain] [o.s.web.context.ContextLoader] ====message: Root WebApplicationContext: initialization completed in 483 ms
[INFO ] 2020-04-14 15:09:37 [restartedMain] [o.a.catalina.core.StandardService] ====message: Stopping service [Tomcat]
[INFO ] 2020-04-14 15:10:10 [restartedMain] [com.cognizant.ams.EmailApplication] ====message: Starting EmailApplication on CNHTPYHZ2 with PID 8492 (C:\Users\change\Desktop\Repository\NewEmail\target\classes started by change in C:\Users\change\Desktop\Repository\NewEmail)
[INFO ] 2020-04-14 15:10:10 [restartedMain] [com.cognizant.ams.EmailApplication] ====message: The following profiles are active: uat
[INFO ] 2020-04-14 15:10:10 [restartedMain] [o.s.b.w.e.tomcat.TomcatWebServer] ====message: Tomcat initialized with port(s): 8080 (http)
[INFO ] 2020-04-14 15:10:10 [restartedMain] [o.a.coyote.http11.Http11NioProtocol] ====message: Initializing ProtocolHandler ["http-nio-8080"]
[INFO ] 2020-04-14 15:10:10 [restartedMain] [o.a.catalina.core.StandardService] ====message: Starting service [Tomcat]
[INFO ] 2020-04-14 15:10:10 [restartedMain] [o.a.catalina.core.StandardEngine] ====message: Starting Servlet engine: [Apache Tomcat/9.0.33]
[INFO ] 2020-04-14 15:10:10 [restartedMain] [o.a.c.c.C.[Tomcat-1].[localhost].[/]] ====message: Initializing Spring embedded WebApplicationContext
[INFO ] 2020-04-14 15:10:10 [restartedMain] [o.s.web.context.ContextLoader] ====message: Root WebApplicationContext: initialization completed in 422 ms
[INFO ] 2020-04-14 15:10:10 [restartedMain] [o.a.catalina.core.StandardService] ====message: Stopping service [Tomcat]
[INFO ] 2020-04-14 15:10:41 [restartedMain] [com.cognizant.ams.EmailApplication] ====message: Starting EmailApplication on CNHTPYHZ2 with PID 8492 (C:\Users\change\Desktop\Repository\NewEmail\target\classes started by change in C:\Users\change\Desktop\Repository\NewEmail)
[INFO ] 2020-04-14 15:10:41 [restartedMain] [com.cognizant.ams.EmailApplication] ====message: The following profiles are active: uat
[INFO ] 2020-04-14 15:10:41 [restartedMain] [o.s.b.w.e.tomcat.TomcatWebServer] ====message: Tomcat initialized with port(s): 8080 (http)
[INFO ] 2020-04-14 15:10:41 [restartedMain] [o.a.coyote.http11.Http11NioProtocol] ====message: Initializing ProtocolHandler ["http-nio-8080"]
[INFO ] 2020-04-14 15:10:41 [restartedMain] [o.a.catalina.core.StandardService] ====message: Starting service [Tomcat]
[INFO ] 2020-04-14 15:10:41 [restartedMain] [o.a.catalina.core.StandardEngine] ====message: Starting Servlet engine: [Apache Tomcat/9.0.33]
[INFO ] 2020-04-14 15:10:41 [restartedMain] [o.a.c.c.C.[Tomcat-2].[localhost].[/]] ====message: Initializing Spring embedded WebApplicationContext
[INFO ] 2020-04-14 15:10:41 [restartedMain] [o.s.web.context.ContextLoader] ====message: Root WebApplicationContext: initialization completed in 365 ms
[INFO ] 2020-04-14 15:10:41 [restartedMain] [o.a.catalina.core.StandardService] ====message: Stopping service [Tomcat]
[INFO ] 2020-04-14 15:10:48 [restartedMain] [com.cognizant.ams.EmailApplication] ====message: Starting EmailApplication on CNHTPYHZ2 with PID 8492 (C:\Users\change\Desktop\Repository\NewEmail\target\classes started by change in C:\Users\change\Desktop\Repository\NewEmail)
[INFO ] 2020-04-14 15:10:48 [restartedMain] [com.cognizant.ams.EmailApplication] ====message: The following profiles are active: uat
[INFO ] 2020-04-14 15:10:48 [restartedMain] [o.s.b.w.e.tomcat.TomcatWebServer] ====message: Tomcat initialized with port(s): 8080 (http)
[INFO ] 2020-04-14 15:10:48 [restartedMain] [o.a.coyote.http11.Http11NioProtocol] ====message: Initializing ProtocolHandler ["http-nio-8080"]
[INFO ] 2020-04-14 15:10:48 [restartedMain] [o.a.catalina.core.StandardService] ====message: Starting service [Tomcat]
[INFO ] 2020-04-14 15:10:48 [restartedMain] [o.a.catalina.core.StandardEngine] ====message: Starting Servlet engine: [Apache Tomcat/9.0.33]
[INFO ] 2020-04-14 15:10:48 [restartedMain] [o.a.c.c.C.[Tomcat-3].[localhost].[/]] ====message: Initializing Spring embedded WebApplicationContext
[INFO ] 2020-04-14 15:10:48 [restartedMain] [o.s.web.context.ContextLoader] ====message: Root WebApplicationContext: initialization completed in 319 ms
[INFO ] 2020-04-14 15:10:48 [restartedMain] [o.s.s.c.ThreadPoolTaskExecutor] ====message: Initializing ExecutorService 'applicationTaskExecutor'
[INFO ] 2020-04-14 15:10:48 [restartedMain] [o.s.b.a.w.s.WelcomePageHandlerMapping] ====message: Adding welcome page template: index
[INFO ] 2020-04-14 15:10:48 [restartedMain] [o.s.b.d.a.OptionalLiveReloadServer] ====message: LiveReload server is running on port 35729
[INFO ] 2020-04-14 15:10:48 [restartedMain] [o.a.coyote.http11.Http11NioProtocol] ====message: Starting ProtocolHandler ["http-nio-8080"]
[INFO ] 2020-04-14 15:10:48 [restartedMain] [o.s.b.w.e.tomcat.TomcatWebServer] ====message: Tomcat started on port(s): 8080 (http) with context path ''
[INFO ] 2020-04-14 15:10:48 [restartedMain] [com.cognizant.ams.EmailApplication] ====message: Started EmailApplication in 0.644 seconds (JVM running for 17934.856)
[INFO ] 2020-04-14 15:10:48 [restartedMain] [o.s.b.d.a.ConditionEvaluationDeltaLoggingListener] ====message: Condition evaluation unchanged
[INFO ] 2020-04-14 15:10:48 [Thread-19] [o.s.s.c.ThreadPoolTaskExecutor] ====message: Shutting down ExecutorService 'applicationTaskExecutor'
[INFO ] 2020-04-14 15:11:32 [restartedMain] [com.cognizant.ams.EmailApplication] ====message: Starting EmailApplication on CNHTPYHZ2 with PID 8492 (C:\Users\change\Desktop\Repository\NewEmail\target\classes started by change in C:\Users\change\Desktop\Repository\NewEmail)
[INFO ] 2020-04-14 15:11:32 [restartedMain] [com.cognizant.ams.EmailApplication] ====message: The following profiles are active: uat
[INFO ] 2020-04-14 15:11:32 [restartedMain] [o.s.b.w.e.tomcat.TomcatWebServer] ====message: Tomcat initialized with port(s): 8080 (http)
[INFO ] 2020-04-14 15:11:32 [restartedMain] [o.a.coyote.http11.Http11NioProtocol] ====message: Initializing ProtocolHandler ["http-nio-8080"]
[INFO ] 2020-04-14 15:11:32 [restartedMain] [o.a.catalina.core.StandardService] ====message: Starting service [Tomcat]
[INFO ] 2020-04-14 15:11:32 [restartedMain] [o.a.catalina.core.StandardEngine] ====message: Starting Servlet engine: [Apache Tomcat/9.0.33]
[INFO ] 2020-04-14 15:11:32 [restartedMain] [o.a.c.c.C.[Tomcat-3].[localhost].[/]] ====message: Initializing Spring embedded WebApplicationContext
[INFO ] 2020-04-14 15:11:32 [restartedMain] [o.s.web.context.ContextLoader] ====message: Root WebApplicationContext: initialization completed in 336 ms
[INFO ] 2020-04-14 15:11:32 [restartedMain] [o.s.s.c.ThreadPoolTaskExecutor] ====message: Initializing ExecutorService 'applicationTaskExecutor'
[INFO ] 2020-04-14 15:11:32 [restartedMain] [o.s.b.a.w.s.WelcomePageHandlerMapping] ====message: Adding welcome page template: index
[INFO ] 2020-04-14 15:11:32 [restartedMain] [o.s.b.d.a.OptionalLiveReloadServer] ====message: LiveReload server is running on port 35729
[INFO ] 2020-04-14 15:11:32 [restartedMain] [o.a.coyote.http11.Http11NioProtocol] ====message: Starting ProtocolHandler ["http-nio-8080"]
[INFO ] 2020-04-14 15:11:32 [restartedMain] [o.s.b.w.e.tomcat.TomcatWebServer] ====message: Tomcat started on port(s): 8080 (http) with context path ''
[INFO ] 2020-04-14 15:11:32 [restartedMain] [com.cognizant.ams.EmailApplication] ====message: Started EmailApplication in 0.674 seconds (JVM running for 17978.829)
[INFO ] 2020-04-14 15:11:32 [restartedMain] [o.s.b.d.a.ConditionEvaluationDeltaLoggingListener] ====message: Condition evaluation unchanged
[INFO ] 2020-04-14 15:11:32 [Thread-33] [o.s.s.c.ThreadPoolTaskExecutor] ====message: Shutting down ExecutorService 'applicationTaskExecutor'
[INFO ] 2020-04-14 15:11:58 [restartedMain] [com.cognizant.ams.EmailApplication] ====message: Starting EmailApplication on CNHTPYHZ2 with PID 8492 (C:\Users\change\Desktop\Repository\NewEmail\target\classes started by change in C:\Users\change\Desktop\Repository\NewEmail)
[INFO ] 2020-04-14 15:11:58 [restartedMain] [com.cognizant.ams.EmailApplication] ====message: The following profiles are active: uat
[INFO ] 2020-04-14 15:11:58 [restartedMain] [o.s.b.w.e.tomcat.TomcatWebServer] ====message: Tomcat initialized with port(s): 8080 (http)
[INFO ] 2020-04-14 15:11:58 [restartedMain] [o.a.coyote.http11.Http11NioProtocol] ====message: Initializing ProtocolHandler ["http-nio-8080"]
[INFO ] 2020-04-14 15:11:58 [restartedMain] [o.a.catalina.core.StandardService] ====message: Starting service [Tomcat]
[INFO ] 2020-04-14 15:11:58 [restartedMain] [o.a.catalina.core.StandardEngine] ====message: Starting Servlet engine: [Apache Tomcat/9.0.33]
[INFO ] 2020-04-14 15:11:58 [restartedMain] [o.a.c.c.C.[Tomcat-3].[localhost].[/]] ====message: Initializing Spring embedded WebApplicationContext
[INFO ] 2020-04-14 15:11:58 [restartedMain] [o.s.web.context.ContextLoader] ====message: Root WebApplicationContext: initialization completed in 333 ms
[INFO ] 2020-04-14 15:11:58 [restartedMain] [o.s.s.c.ThreadPoolTaskExecutor] ====message: Initializing ExecutorService 'applicationTaskExecutor'
[INFO ] 2020-04-14 15:11:58 [restartedMain] [o.s.b.a.w.s.WelcomePageHandlerMapping] ====message: Adding welcome page template: index
[INFO ] 2020-04-14 15:11:58 [restartedMain] [o.s.b.d.a.OptionalLiveReloadServer] ====message: LiveReload server is running on port 35729
[INFO ] 2020-04-14 15:11:58 [restartedMain] [o.a.coyote.http11.Http11NioProtocol] ====message: Starting ProtocolHandler ["http-nio-8080"]
[INFO ] 2020-04-14 15:11:58 [restartedMain] [o.s.b.w.e.tomcat.TomcatWebServer] ====message: Tomcat started on port(s): 8080 (http) with context path ''
[INFO ] 2020-04-14 15:11:58 [restartedMain] [com.cognizant.ams.EmailApplication] ====message: Started EmailApplication in 0.629 seconds (JVM running for 18005.426)
[INFO ] 2020-04-14 15:11:58 [restartedMain] [o.s.b.d.a.ConditionEvaluationDeltaLoggingListener] ====message: Condition evaluation unchanged
[INFO ] 2020-04-14 15:11:58 [http-nio-8080-exec-1] [o.a.c.c.C.[Tomcat-3].[localhost].[/]] ====message: Initializing Spring DispatcherServlet 'dispatcherServlet'
[INFO ] 2020-04-14 15:11:58 [http-nio-8080-exec-1] [o.s.web.servlet.DispatcherServlet] ====message: Initializing Servlet 'dispatcherServlet'
[INFO ] 2020-04-14 15:11:58 [http-nio-8080-exec-1] [o.s.web.servlet.DispatcherServlet] ====message: Completed initialization in 3 ms
[INFO ] 2020-04-14 15:11:58 [http-nio-8080-exec-10] [c.m.v.c.i.AbstractPoolBackedDataSource] ====message: Initializing c3p0 pool... com.mchange.v2.c3p0.ComboPooledDataSource [ acquireIncrement -> 3, acquireRetryAttempts -> 30, acquireRetryDelay -> 1000, autoCommitOnClose -> false, automaticTestTable -> null, breakAfterAcquireFailure -> false, checkoutTimeout -> 0, connectionCustomizerClassName -> null, connectionTesterClassName -> com.mchange.v2.c3p0.impl.DefaultConnectionTester, contextClassLoaderSource -> caller, dataSourceName -> 2ybz0ja9wv8jnb128ae57|557885e7, debugUnreturnedConnectionStackTraces -> false, description -> null, driverClass -> null, extensions -> {}, factoryClassLocation -> null, forceIgnoreUnresolvedTransactions -> false, forceSynchronousCheckins -> false, forceUseNamedDriverClass -> false, identityToken -> 2ybz0ja9wv8jnb128ae57|557885e7, idleConnectionTestPeriod -> 0, initialPoolSize -> 3, jdbcUrl -> jdbc:sqlserver://10.164.25.149:1433;DatabaseName=MetLifeEmail, maxAdministrativeTaskTime -> 0, maxConnectionAge -> 0, maxIdleTime -> 0, maxIdleTimeExcessConnections -> 0, maxPoolSize -> 15, maxStatements -> 0, maxStatementsPerConnection -> 0, minPoolSize -> 3, numHelperThreads -> 3, preferredTestQuery -> null, privilegeSpawnedThreads -> false, properties -> {user=******, password=******}, propertyCycle -> 0, statementCacheNumDeferredCloseThreads -> 0, testConnectionOnCheckin -> false, testConnectionOnCheckout -> false, unreturnedConnectionTimeout -> 0, userOverrides -> {}, usesTraditionalReflectiveProxies -> false ]
[INFO ] 2020-04-14 15:11:58 [Thread-38] [o.s.s.c.ThreadPoolTaskExecutor] ====message: Shutting down ExecutorService 'applicationTaskExecutor'
[INFO ] 2020-04-14 17:50:15 [restartedMain] [com.cognizant.ams.EmailApplication] ====message: Starting EmailApplication on CNHTPYHZ2 with PID 8492 (C:\Users\change\Desktop\Repository\NewEmail\target\classes started by change in C:\Users\change\Desktop\Repository\NewEmail)
[INFO ] 2020-04-14 17:50:15 [restartedMain] [com.cognizant.ams.EmailApplication] ====message: The following profiles are active: uat
[INFO ] 2020-04-14 17:50:15 [restartedMain] [o.s.b.w.e.tomcat.TomcatWebServer] ====message: Tomcat initialized with port(s): 8080 (http)
[INFO ] 2020-04-14 17:50:15 [restartedMain] [o.a.coyote.http11.Http11NioProtocol] ====message: Initializing ProtocolHandler ["http-nio-8080"]
[INFO ] 2020-04-14 17:50:15 [restartedMain] [o.a.catalina.core.StandardService] ====message: Starting service [Tomcat]
[INFO ] 2020-04-14 17:50:15 [restartedMain] [o.a.catalina.core.StandardEngine] ====message: Starting Servlet engine: [Apache Tomcat/9.0.33]
[INFO ] 2020-04-14 17:50:15 [restartedMain] [o.a.c.c.C.[Tomcat-3].[localhost].[/]] ====message: Initializing Spring embedded WebApplicationContext
[INFO ] 2020-04-14 17:50:15 [restartedMain] [o.s.web.context.ContextLoader] ====message: Root WebApplicationContext: initialization completed in 869 ms
[INFO ] 2020-04-14 17:50:15 [restartedMain] [o.s.s.c.ThreadPoolTaskExecutor] ====message: Initializing ExecutorService 'applicationTaskExecutor'
[INFO ] 2020-04-14 17:50:15 [restartedMain] [o.s.b.a.w.s.WelcomePageHandlerMapping] ====message: Adding welcome page template: index
[INFO ] 2020-04-14 17:50:15 [restartedMain] [o.s.b.d.a.OptionalLiveReloadServer] ====message: LiveReload server is running on port 35729
[INFO ] 2020-04-14 17:50:15 [restartedMain] [o.a.coyote.http11.Http11NioProtocol] ====message: Starting ProtocolHandler ["http-nio-8080"]
[INFO ] 2020-04-14 17:50:15 [restartedMain] [o.s.b.w.e.tomcat.TomcatWebServer] ====message: Tomcat started on port(s): 8080 (http) with context path ''
[INFO ] 2020-04-14 17:50:15 [restartedMain] [com.cognizant.ams.EmailApplication] ====message: Started EmailApplication in 1.338 seconds (JVM running for 27503.195)
[INFO ] 2020-04-14 17:50:15 [restartedMain] [o.s.b.d.a.ConditionEvaluationDeltaLoggingListener] ====message: Condition evaluation unchanged
[INFO ] 2020-04-14 17:50:15 [Thread-48] [o.s.s.c.ThreadPoolTaskExecutor] ====message: Shutting down ExecutorService 'applicationTaskExecutor'
[INFO ] 2020-04-14 17:52:28 [restartedMain] [com.cognizant.ams.EmailApplication] ====message: Starting EmailApplication on CNHTPYHZ2 with PID 8492 (C:\Users\change\Desktop\Repository\NewEmail\target\classes started by change in C:\Users\change\Desktop\Repository\NewEmail)
[INFO ] 2020-04-14 17:52:28 [restartedMain] [com.cognizant.ams.EmailApplication] ====message: The following profiles are active: uat
[INFO ] 2020-04-14 17:52:28 [restartedMain] [o.s.b.w.e.tomcat.TomcatWebServer] ====message: Tomcat initialized with port(s): 8080 (http)
[INFO ] 2020-04-14 17:52:28 [restartedMain] [o.a.coyote.http11.Http11NioProtocol] ====message: Initializing ProtocolHandler ["http-nio-8080"]
[INFO ] 2020-04-14 17:52:28 [restartedMain] [o.a.catalina.core.StandardService] ====message: Starting service [Tomcat]
[INFO ] 2020-04-14 17:52:28 [restartedMain] [o.a.catalina.core.StandardEngine] ====message: Starting Servlet engine: [Apache Tomcat/9.0.33]
[INFO ] 2020-04-14 17:52:28 [restartedMain] [o.a.c.c.C.[Tomcat-3].[localhost].[/]] ====message: Initializing Spring embedded WebApplicationContext
[INFO ] 2020-04-14 17:52:28 [restartedMain] [o.s.web.context.ContextLoader] ====message: Root WebApplicationContext: initialization completed in 906 ms
[INFO ] 2020-04-14 17:52:28 [restartedMain] [o.s.s.c.ThreadPoolTaskExecutor] ====message: Initializing ExecutorService 'applicationTaskExecutor'
[INFO ] 2020-04-14 17:52:28 [restartedMain] [o.s.b.a.w.s.WelcomePageHandlerMapping] ====message: Adding welcome page template: index
[INFO ] 2020-04-14 17:52:28 [restartedMain] [o.s.b.d.a.OptionalLiveReloadServer] ====message: LiveReload server is running on port 35729
[INFO ] 2020-04-14 17:52:28 [restartedMain] [o.a.coyote.http11.Http11NioProtocol] ====message: Starting ProtocolHandler ["http-nio-8080"]
[INFO ] 2020-04-14 17:52:28 [restartedMain] [o.s.b.w.e.tomcat.TomcatWebServer] ====message: Tomcat started on port(s): 8080 (http) with context path ''
[INFO ] 2020-04-14 17:52:28 [restartedMain] [com.cognizant.ams.EmailApplication] ====message: Started EmailApplication in 1.313 seconds (JVM running for 27635.785)
[INFO ] 2020-04-14 17:52:28 [restartedMain] [o.s.b.d.a.ConditionEvaluationDeltaLoggingListener] ====message: Condition evaluation unchanged
[INFO ] 2020-04-14 17:52:28 [Thread-53] [o.s.s.c.ThreadPoolTaskExecutor] ====message: Shutting down ExecutorService 'applicationTaskExecutor'
[INFO ] 2020-04-14 17:52:39 [restartedMain] [com.cognizant.ams.EmailApplication] ====message: Starting EmailApplication on CNHTPYHZ2 with PID 8492 (C:\Users\change\Desktop\Repository\NewEmail\target\classes started by change in C:\Users\change\Desktop\Repository\NewEmail)
[INFO ] 2020-04-14 17:52:39 [restartedMain] [com.cognizant.ams.EmailApplication] ====message: The following profiles are active: uat
[INFO ] 2020-04-14 17:52:39 [restartedMain] [o.s.b.w.e.tomcat.TomcatWebServer] ====message: Tomcat initialized with port(s): 8080 (http)
[INFO ] 2020-04-14 17:52:39 [restartedMain] [o.a.coyote.http11.Http11NioProtocol] ====message: Initializing ProtocolHandler ["http-nio-8080"]
[INFO ] 2020-04-14 17:52:39 [restartedMain] [o.a.catalina.core.StandardService] ====message: Starting service [Tomcat]
[INFO ] 2020-04-14 17:52:39 [restartedMain] [o.a.catalina.core.StandardEngine] ====message: Starting Servlet engine: [Apache Tomcat/9.0.33]
[INFO ] 2020-04-14 17:52:39 [restartedMain] [o.a.c.c.C.[Tomcat-3].[localhost].[/]] ====message: Initializing Spring embedded WebApplicationContext
[INFO ] 2020-04-14 17:52:39 [restartedMain] [o.s.web.context.ContextLoader] ====message: Root WebApplicationContext: initialization completed in 416 ms
[INFO ] 2020-04-14 17:52:39 [restartedMain] [o.s.s.c.ThreadPoolTaskExecutor] ====message: Initializing ExecutorService 'applicationTaskExecutor'
[INFO ] 2020-04-14 17:52:39 [restartedMain] [o.s.b.a.w.s.WelcomePageHandlerMapping] ====message: Adding welcome page template: index
[INFO ] 2020-04-14 17:52:39 [restartedMain] [o.s.b.d.a.OptionalLiveReloadServer] ====message: LiveReload server is running on port 35729
[INFO ] 2020-04-14 17:52:39 [restartedMain] [o.a.coyote.http11.Http11NioProtocol] ====message: Starting ProtocolHandler ["http-nio-8080"]
[INFO ] 2020-04-14 17:52:39 [restartedMain] [o.s.b.w.e.tomcat.TomcatWebServer] ====message: Tomcat started on port(s): 8080 (http) with context path ''
[INFO ] 2020-04-14 17:52:39 [restartedMain] [com.cognizant.ams.EmailApplication] ====message: Started EmailApplication in 0.784 seconds (JVM running for 27646.303)
[INFO ] 2020-04-14 17:52:39 [restartedMain] [o.s.b.d.a.ConditionEvaluationDeltaLoggingListener] ====message: Condition evaluation unchanged
[INFO ] 2020-04-14 17:52:39 [http-nio-8080-exec-1] [o.a.c.c.C.[Tomcat-3].[localhost].[/]] ====message: Initializing Spring DispatcherServlet 'dispatcherServlet'
[INFO ] 2020-04-14 17:52:39 [http-nio-8080-exec-1] [o.s.web.servlet.DispatcherServlet] ====message: Initializing Servlet 'dispatcherServlet'
[INFO ] 2020-04-14 17:52:39 [http-nio-8080-exec-1] [o.s.web.servlet.DispatcherServlet] ====message: Completed initialization in 3 ms
[INFO ] 2020-04-14 17:52:39 [http-nio-8080-exec-5] [c.m.v.c.i.AbstractPoolBackedDataSource] ====message: Initializing c3p0 pool... com.mchange.v2.c3p0.ComboPooledDataSource [ acquireIncrement -> 3, acquireRetryAttempts -> 30, acquireRetryDelay -> 1000, autoCommitOnClose -> false, automaticTestTable -> null, breakAfterAcquireFailure -> false, checkoutTimeout -> 0, connectionCustomizerClassName -> null, connectionTesterClassName -> com.mchange.v2.c3p0.impl.DefaultConnectionTester, contextClassLoaderSource -> caller, dataSourceName -> 2ybz0ja9wv8jnb128ae57|2b9262a9, debugUnreturnedConnectionStackTraces -> false, description -> null, driverClass -> null, extensions -> {}, factoryClassLocation -> null, forceIgnoreUnresolvedTransactions -> false, forceSynchronousCheckins -> false, forceUseNamedDriverClass -> false, identityToken -> 2ybz0ja9wv8jnb128ae57|2b9262a9, idleConnectionTestPeriod -> 0, initialPoolSize -> 3, jdbcUrl -> jdbc:sqlserver://10.164.25.149:1433;DatabaseName=MetLifeEmail, maxAdministrativeTaskTime -> 0, maxConnectionAge -> 0, maxIdleTime -> 0, maxIdleTimeExcessConnections -> 0, maxPoolSize -> 15, maxStatements -> 0, maxStatementsPerConnection -> 0, minPoolSize -> 3, numHelperThreads -> 3, preferredTestQuery -> null, privilegeSpawnedThreads -> false, properties -> {user=******, password=******}, propertyCycle -> 0, statementCacheNumDeferredCloseThreads -> 0, testConnectionOnCheckin -> false, testConnectionOnCheckout -> false, unreturnedConnectionTimeout -> 0, userOverrides -> {}, usesTraditionalReflectiveProxies -> false ]
[INFO ] 2020-04-14 17:52:39 [Thread-58] [o.s.s.c.ThreadPoolTaskExecutor] ====message: Shutting down ExecutorService 'applicationTaskExecutor'
[INFO ] 2020-04-14 18:00:03 [restartedMain] [com.cognizant.ams.EmailApplication] ====message: Starting EmailApplication on CNHTPYHZ2 with PID 8492 (C:\Users\change\Desktop\Repository\NewEmail\target\classes started by change in C:\Users\change\Desktop\Repository\NewEmail)
[INFO ] 2020-04-14 18:00:03 [restartedMain] [com.cognizant.ams.EmailApplication] ====message: The following profiles are active: uat
[INFO ] 2020-04-14 18:00:03 [restartedMain] [o.s.b.w.e.tomcat.TomcatWebServer] ====message: Tomcat initialized with port(s): 8080 (http)
[INFO ] 2020-04-14 18:00:03 [restartedMain] [o.a.coyote.http11.Http11NioProtocol] ====message: Initializing ProtocolHandler ["http-nio-8080"]
[INFO ] 2020-04-14 18:00:03 [restartedMain] [o.a.catalina.core.StandardService] ====message: Starting service [Tomcat]
[INFO ] 2020-04-14 18:00:03 [restartedMain] [o.a.catalina.core.StandardEngine] ====message: Starting Servlet engine: [Apache Tomcat/9.0.33]
[INFO ] 2020-04-14 18:00:03 [restartedMain] [o.a.c.c.C.[Tomcat-3].[localhost].[/]] ====message: Initializing Spring embedded WebApplicationContext
[INFO ] 2020-04-14 18:00:03 [restartedMain] [o.s.web.context.ContextLoader] ====message: Root WebApplicationContext: initialization completed in 434 ms
[INFO ] 2020-04-14 18:00:03 [restartedMain] [o.s.s.c.ThreadPoolTaskExecutor] ====message: Initializing ExecutorService 'applicationTaskExecutor'
[INFO ] 2020-04-14 18:00:03 [restartedMain] [o.s.b.a.w.s.WelcomePageHandlerMapping] ====message: Adding welcome page template: index
[INFO ] 2020-04-14 18:00:03 [restartedMain] [o.s.b.d.a.OptionalLiveReloadServer] ====message: LiveReload server is running on port 35729
[INFO ] 2020-04-14 18:00:03 [restartedMain] [o.a.coyote.http11.Http11NioProtocol] ====message: Starting ProtocolHandler ["http-nio-8080"]
[INFO ] 2020-04-14 18:00:03 [restartedMain] [o.s.b.w.e.tomcat.TomcatWebServer] ====message: Tomcat started on port(s): 8080 (http) with context path ''
[INFO ] 2020-04-14 18:00:03 [restartedMain] [com.cognizant.ams.EmailApplication] ====message: Started EmailApplication in 0.765 seconds (JVM running for 28090.6)
[INFO ] 2020-04-14 18:00:03 [restartedMain] [o.s.b.d.a.ConditionEvaluationDeltaLoggingListener] ====message: Condition evaluation unchanged
[INFO ] 2020-04-14 18:00:03 [Thread-67] [o.s.s.c.ThreadPoolTaskExecutor] ====message: Shutting down ExecutorService 'applicationTaskExecutor'
[INFO ] 2020-04-14 18:01:02 [restartedMain] [com.cognizant.ams.EmailApplication] ====message: Starting EmailApplication on CNHTPYHZ2 with PID 8492 (C:\Users\change\Desktop\Repository\NewEmail\target\classes started by change in C:\Users\change\Desktop\Repository\NewEmail)
[INFO ] 2020-04-14 18:01:02 [restartedMain] [com.cognizant.ams.EmailApplication] ====message: The following profiles are active: uat
[INFO ] 2020-04-14 18:01:02 [restartedMain] [o.s.b.w.e.tomcat.TomcatWebServer] ====message: Tomcat initialized with port(s): 8080 (http)
[INFO ] 2020-04-14 18:01:02 [restartedMain] [o.a.coyote.http11.Http11NioProtocol] ====message: Initializing ProtocolHandler ["http-nio-8080"]
[INFO ] 2020-04-14 18:01:02 [restartedMain] [o.a.catalina.core.StandardService] ====message: Starting service [Tomcat]
[INFO ] 2020-04-14 18:01:02 [restartedMain] [o.a.catalina.core.StandardEngine] ====message: Starting Servlet engine: [Apache Tomcat/9.0.33]
[INFO ] 2020-04-14 18:01:02 [restartedMain] [o.a.c.c.C.[Tomcat-3].[localhost].[/]] ====message: Initializing Spring embedded WebApplicationContext
[INFO ] 2020-04-14 18:01:02 [restartedMain] [o.s.web.context.ContextLoader] ====message: Root WebApplicationContext: initialization completed in 426 ms
[INFO ] 2020-04-14 18:01:02 [restartedMain] [o.s.s.c.ThreadPoolTaskExecutor] ====message: Initializing ExecutorService 'applicationTaskExecutor'
[INFO ] 2020-04-14 18:01:02 [restartedMain] [o.s.b.a.w.s.WelcomePageHandlerMapping] ====message: Adding welcome page template: index
[INFO ] 2020-04-14 18:01:02 [restartedMain] [o.s.b.d.a.OptionalLiveReloadServer] ====message: LiveReload server is running on port 35729
[INFO ] 2020-04-14 18:01:02 [restartedMain] [o.a.coyote.http11.Http11NioProtocol] ====message: Starting ProtocolHandler ["http-nio-8080"]
[INFO ] 2020-04-14 18:01:02 [restartedMain] [o.s.b.w.e.tomcat.TomcatWebServer] ====message: Tomcat started on port(s): 8080 (http) with context path ''
[INFO ] 2020-04-14 18:01:02 [restartedMain] [com.cognizant.ams.EmailApplication] ====message: Started EmailApplication in 0.779 seconds (JVM running for 28148.963)
[INFO ] 2020-04-14 18:01:02 [restartedMain] [o.s.b.d.a.ConditionEvaluationDeltaLoggingListener] ====message: Condition evaluation unchanged
[INFO ] 2020-04-14 18:01:02 [http-nio-8080-exec-1] [o.a.c.c.C.[Tomcat-3].[localhost].[/]] ====message: Initializing Spring DispatcherServlet 'dispatcherServlet'
[INFO ] 2020-04-14 18:01:02 [http-nio-8080-exec-1] [o.s.web.servlet.DispatcherServlet] ====message: Initializing Servlet 'dispatcherServlet'
[INFO ] 2020-04-14 18:01:02 [http-nio-8080-exec-1] [o.s.web.servlet.DispatcherServlet] ====message: Completed initialization in 2 ms
[INFO ] 2020-04-14 18:01:02 [http-nio-8080-exec-3] [c.m.v.c.i.AbstractPoolBackedDataSource] ====message: Initializing c3p0 pool... com.mchange.v2.c3p0.ComboPooledDataSource [ acquireIncrement -> 3, acquireRetryAttempts -> 30, acquireRetryDelay -> 1000, autoCommitOnClose -> false, automaticTestTable -> null, breakAfterAcquireFailure -> false, checkoutTimeout -> 0, connectionCustomizerClassName -> null, connectionTesterClassName -> com.mchange.v2.c3p0.impl.DefaultConnectionTester, contextClassLoaderSource -> caller, dataSourceName -> 2ybz0ja9wv8jnb128ae57|364c760d, debugUnreturnedConnectionStackTraces -> false, description -> null, driverClass -> null, extensions -> {}, factoryClassLocation -> null, forceIgnoreUnresolvedTransactions -> false, forceSynchronousCheckins -> false, forceUseNamedDriverClass -> false, identityToken -> 2ybz0ja9wv8jnb128ae57|364c760d, idleConnectionTestPeriod -> 0, initialPoolSize -> 3, jdbcUrl -> jdbc:sqlserver://10.164.25.149:1433;DatabaseName=MetLifeEmail, maxAdministrativeTaskTime -> 0, maxConnectionAge -> 0, maxIdleTime -> 0, maxIdleTimeExcessConnections -> 0, maxPoolSize -> 15, maxStatements -> 0, maxStatementsPerConnection -> 0, minPoolSize -> 3, numHelperThreads -> 3, preferredTestQuery -> null, privilegeSpawnedThreads -> false, properties -> {user=******, password=******}, propertyCycle -> 0, statementCacheNumDeferredCloseThreads -> 0, testConnectionOnCheckin -> false, testConnectionOnCheckout -> false, unreturnedConnectionTimeout -> 0, userOverrides -> {}, usesTraditionalReflectiveProxies -> false ]
[INFO ] 2020-04-14 18:01:02 [Thread-72] [o.s.s.c.ThreadPoolTaskExecutor] ====message: Shutting down ExecutorService 'applicationTaskExecutor'
[INFO ] 2020-04-14 18:03:01 [restartedMain] [com.cognizant.ams.EmailApplication] ====message: Starting EmailApplication on CNHTPYHZ2 with PID 8492 (C:\Users\change\Desktop\Repository\NewEmail\target\classes started by change in C:\Users\change\Desktop\Repository\NewEmail)
[INFO ] 2020-04-14 18:03:01 [restartedMain] [com.cognizant.ams.EmailApplication] ====message: The following profiles are active: uat
[INFO ] 2020-04-14 18:03:01 [restartedMain] [o.s.b.w.e.tomcat.TomcatWebServer] ====message: Tomcat initialized with port(s): 8080 (http)
[INFO ] 2020-04-14 18:03:01 [restartedMain] [o.a.coyote.http11.Http11NioProtocol] ====message: Initializing ProtocolHandler ["http-nio-8080"]
[INFO ] 2020-04-14 18:03:01 [restartedMain] [o.a.catalina.core.StandardService] ====message: Starting service [Tomcat]
[INFO ] 2020-04-14 18:03:01 [restartedMain] [o.a.catalina.core.StandardEngine] ====message: Starting Servlet engine: [Apache Tomcat/9.0.33]
[INFO ] 2020-04-14 18:03:01 [restartedMain] [o.a.c.c.C.[Tomcat-3].[localhost].[/]] ====message: Initializing Spring embedded WebApplicationContext
[INFO ] 2020-04-14 18:03:01 [restartedMain] [o.s.web.context.ContextLoader] ====message: Root WebApplicationContext: initialization completed in 389 ms
[INFO ] 2020-04-14 18:03:01 [restartedMain] [o.s.s.c.ThreadPoolTaskExecutor] ====message: Initializing ExecutorService 'applicationTaskExecutor'
[INFO ] 2020-04-14 18:03:01 [restartedMain] [o.s.b.a.w.s.WelcomePageHandlerMapping] ====message: Adding welcome page template: index
[INFO ] 2020-04-14 18:03:01 [restartedMain] [o.s.b.d.a.OptionalLiveReloadServer] ====message: LiveReload server is running on port 35729
[INFO ] 2020-04-14 18:03:01 [restartedMain] [o.a.coyote.http11.Http11NioProtocol] ====message: Starting ProtocolHandler ["http-nio-8080"]
[INFO ] 2020-04-14 18:03:01 [restartedMain] [o.s.b.w.e.tomcat.TomcatWebServer] ====message: Tomcat started on port(s): 8080 (http) with context path ''
[INFO ] 2020-04-14 18:03:01 [restartedMain] [com.cognizant.ams.EmailApplication] ====message: Started EmailApplication in 0.758 seconds (JVM running for 28268.139)
[INFO ] 2020-04-14 18:03:01 [restartedMain] [o.s.b.d.a.ConditionEvaluationDeltaLoggingListener] ====message: Condition evaluation unchanged
[INFO ] 2020-04-14 18:03:01 [http-nio-8080-exec-1] [o.a.c.c.C.[Tomcat-3].[localhost].[/]] ====message: Initializing Spring DispatcherServlet 'dispatcherServlet'
[INFO ] 2020-04-14 18:03:01 [http-nio-8080-exec-1] [o.s.web.servlet.DispatcherServlet] ====message: Initializing Servlet 'dispatcherServlet'
[INFO ] 2020-04-14 18:03:01 [http-nio-8080-exec-1] [o.s.web.servlet.DispatcherServlet] ====message: Completed initialization in 3 ms
[INFO ] 2020-04-14 18:03:01 [Thread-81] [o.s.s.c.ThreadPoolTaskExecutor] ====message: Shutting down ExecutorService 'applicationTaskExecutor'
[INFO ] 2020-04-14 18:03:46 [restartedMain] [com.cognizant.ams.EmailApplication] ====message: Starting EmailApplication on CNHTPYHZ2 with PID 8492 (C:\Users\change\Desktop\Repository\NewEmail\target\classes started by change in C:\Users\change\Desktop\Repository\NewEmail)
[INFO ] 2020-04-14 18:03:46 [restartedMain] [com.cognizant.ams.EmailApplication] ====message: The following profiles are active: uat
[INFO ] 2020-04-14 18:03:46 [restartedMain] [o.s.b.w.e.tomcat.TomcatWebServer] ====message: Tomcat initialized with port(s): 8080 (http)
[INFO ] 2020-04-14 18:03:46 [restartedMain] [o.a.coyote.http11.Http11NioProtocol] ====message: Initializing ProtocolHandler ["http-nio-8080"]
[INFO ] 2020-04-14 18:03:46 [restartedMain] [o.a.catalina.core.StandardService] ====message: Starting service [Tomcat]
[INFO ] 2020-04-14 18:03:46 [restartedMain] [o.a.catalina.core.StandardEngine] ====message: Starting Servlet engine: [Apache Tomcat/9.0.33]
[INFO ] 2020-04-14 18:03:46 [restartedMain] [o.a.c.c.C.[Tomcat-3].[localhost].[/]] ====message: Initializing Spring embedded WebApplicationContext
[INFO ] 2020-04-14 18:03:46 [restartedMain] [o.s.web.context.ContextLoader] ====message: Root WebApplicationContext: initialization completed in 404 ms
[INFO ] 2020-04-14 18:03:46 [restartedMain] [o.s.s.c.ThreadPoolTaskExecutor] ====message: Initializing ExecutorService 'applicationTaskExecutor'
[INFO ] 2020-04-14 18:03:46 [restartedMain] [o.s.b.a.w.s.WelcomePageHandlerMapping] ====message: Adding welcome page template: index
[INFO ] 2020-04-14 18:03:46 [restartedMain] [o.s.b.d.a.OptionalLiveReloadServer] ====message: LiveReload server is running on port 35729
[INFO ] 2020-04-14 18:03:46 [restartedMain] [o.a.coyote.http11.Http11NioProtocol] ====message: Starting ProtocolHandler ["http-nio-8080"]
[INFO ] 2020-04-14 18:03:46 [restartedMain] [o.s.b.w.e.tomcat.TomcatWebServer] ====message: Tomcat started on port(s): 8080 (http) with context path ''
[INFO ] 2020-04-14 18:03:46 [restartedMain] [com.cognizant.ams.EmailApplication] ====message: Started EmailApplication in 0.76 seconds (JVM running for 28313.254)
[INFO ] 2020-04-14 18:03:46 [restartedMain] [o.s.b.d.a.ConditionEvaluationDeltaLoggingListener] ====message: Condition evaluation unchanged
[INFO ] 2020-04-14 18:03:46 [http-nio-8080-exec-1] [o.a.c.c.C.[Tomcat-3].[localhost].[/]] ====message: Initializing Spring DispatcherServlet 'dispatcherServlet'
[INFO ] 2020-04-14 18:03:46 [http-nio-8080-exec-1] [o.s.web.servlet.DispatcherServlet] ====message: Initializing Servlet 'dispatcherServlet'
[INFO ] 2020-04-14 18:03:46 [http-nio-8080-exec-1] [o.s.web.servlet.DispatcherServlet] ====message: Completed initialization in 2 ms
[INFO ] 2020-04-14 18:03:46 [Thread-86] [o.s.s.c.ThreadPoolTaskExecutor] ====message: Shutting down ExecutorService 'applicationTaskExecutor'
[INFO ] 2020-04-14 18:05:28 [restartedMain] [com.cognizant.ams.EmailApplication] ====message: Starting EmailApplication on CNHTPYHZ2 with PID 8492 (C:\Users\change\Desktop\Repository\NewEmail\target\classes started by change in C:\Users\change\Desktop\Repository\NewEmail)
[INFO ] 2020-04-14 18:05:28 [restartedMain] [com.cognizant.ams.EmailApplication] ====message: The following profiles are active: uat
[INFO ] 2020-04-14 18:05:28 [restartedMain] [o.s.b.w.e.tomcat.TomcatWebServer] ====message: Tomcat initialized with port(s): 8080 (http)
[INFO ] 2020-04-14 18:05:28 [restartedMain] [o.a.coyote.http11.Http11NioProtocol] ====message: Initializing ProtocolHandler ["http-nio-8080"]
[INFO ] 2020-04-14 18:05:28 [restartedMain] [o.a.catalina.core.StandardService] ====message: Starting service [Tomcat]
[INFO ] 2020-04-14 18:05:28 [restartedMain] [o.a.catalina.core.StandardEngine] ====message: Starting Servlet engine: [Apache Tomcat/9.0.33]
[INFO ] 2020-04-14 18:05:28 [restartedMain] [o.a.c.c.C.[Tomcat-3].[localhost].[/]] ====message: Initializing Spring embedded WebApplicationContext
[INFO ] 2020-04-14 18:05:28 [restartedMain] [o.s.web.context.ContextLoader] ====message: Root WebApplicationContext: initialization completed in 388 ms
[INFO ] 2020-04-14 18:05:28 [restartedMain] [o.s.s.c.ThreadPoolTaskExecutor] ====message: Initializing ExecutorService 'applicationTaskExecutor'
[INFO ] 2020-04-14 18:05:28 [restartedMain] [o.s.b.a.w.s.WelcomePageHandlerMapping] ====message: Adding welcome page template: index
[INFO ] 2020-04-14 18:05:28 [restartedMain] [o.s.b.d.a.OptionalLiveReloadServer] ====message: LiveReload server is running on port 35729
[INFO ] 2020-04-14 18:05:28 [restartedMain] [o.a.coyote.http11.Http11NioProtocol] ====message: Starting ProtocolHandler ["http-nio-8080"]
[INFO ] 2020-04-14 18:05:28 [restartedMain] [o.s.b.w.e.tomcat.TomcatWebServer] ====message: Tomcat started on port(s): 8080 (http) with context path ''
[INFO ] 2020-04-14 18:05:28 [restartedMain] [com.cognizant.ams.EmailApplication] ====message: Started EmailApplication in 0.758 seconds (JVM running for 28414.841)
[INFO ] 2020-04-14 18:05:28 [restartedMain] [o.s.b.d.a.ConditionEvaluationDeltaLoggingListener] ====message: Condition evaluation unchanged
[INFO ] 2020-04-14 18:05:28 [Thread-91] [o.s.s.c.ThreadPoolTaskExecutor] ====message: Shutting down ExecutorService 'applicationTaskExecutor'
[INFO ] 2020-04-14 18:07:03 [restartedMain] [com.cognizant.ams.EmailApplication] ====message: Starting EmailApplication on CNHTPYHZ2 with PID 8492 (C:\Users\change\Desktop\Repository\NewEmail\target\classes started by change in C:\Users\change\Desktop\Repository\NewEmail)
[INFO ] 2020-04-14 18:07:03 [restartedMain] [com.cognizant.ams.EmailApplication] ====message: The following profiles are active: uat
[INFO ] 2020-04-14 18:07:03 [restartedMain] [o.s.b.w.e.tomcat.TomcatWebServer] ====message: Tomcat initialized with port(s): 8080 (http)
[INFO ] 2020-04-14 18:07:03 [restartedMain] [o.a.coyote.http11.Http11NioProtocol] ====message: Initializing ProtocolHandler ["http-nio-8080"]
[INFO ] 2020-04-14 18:07:03 [restartedMain] [o.a.catalina.core.StandardService] ====message: Starting service [Tomcat]
[INFO ] 2020-04-14 18:07:03 [restartedMain] [o.a.catalina.core.StandardEngine] ====message: Starting Servlet engine: [Apache Tomcat/9.0.33]
[INFO ] 2020-04-14 18:07:03 [restartedMain] [o.a.c.c.C.[Tomcat-3].[localhost].[/]] ====message: Initializing Spring embedded WebApplicationContext
[INFO ] 2020-04-14 18:07:03 [restartedMain] [o.s.web.context.ContextLoader] ====message: Root WebApplicationContext: initialization completed in 356 ms
[INFO ] 2020-04-14 18:07:03 [restartedMain] [o.s.s.c.ThreadPoolTaskExecutor] ====message: Initializing ExecutorService 'applicationTaskExecutor'
[INFO ] 2020-04-14 18:07:03 [restartedMain] [o.s.b.a.w.s.WelcomePageHandlerMapping] ====message: Adding welcome page template: index
[INFO ] 2020-04-14 18:07:03 [restartedMain] [o.s.b.d.a.OptionalLiveReloadServer] ====message: LiveReload server is running on port 35729
[INFO ] 2020-04-14 18:07:03 [restartedMain] [o.a.coyote.http11.Http11NioProtocol] ====message: Starting ProtocolHandler ["http-nio-8080"]
[INFO ] 2020-04-14 18:07:03 [restartedMain] [o.s.b.w.e.tomcat.TomcatWebServer] ====message: Tomcat started on port(s): 8080 (http) with context path ''
[INFO ] 2020-04-14 18:07:03 [restartedMain] [com.cognizant.ams.EmailApplication] ====message: Started EmailApplication in 0.68 seconds (JVM running for 28509.769)
[INFO ] 2020-04-14 18:07:03 [restartedMain] [o.s.b.d.a.ConditionEvaluationDeltaLoggingListener] ====message: Condition evaluation unchanged
[INFO ] 2020-04-14 18:07:03 [Thread-96] [o.s.s.c.ThreadPoolTaskExecutor] ====message: Shutting down ExecutorService 'applicationTaskExecutor'
[INFO ] 2020-04-14 18:07:56 [restartedMain] [com.cognizant.ams.EmailApplication] ====message: Starting EmailApplication on CNHTPYHZ2 with PID 8492 (C:\Users\change\Desktop\Repository\NewEmail\target\classes started by change in C:\Users\change\Desktop\Repository\NewEmail)
[INFO ] 2020-04-14 18:07:56 [restartedMain] [com.cognizant.ams.EmailApplication] ====message: The following profiles are active: uat
[INFO ] 2020-04-14 18:07:56 [restartedMain] [o.s.b.w.e.tomcat.TomcatWebServer] ====message: Tomcat initialized with port(s): 8080 (http)
[INFO ] 2020-04-14 18:07:56 [restartedMain] [o.a.coyote.http11.Http11NioProtocol] ====message: Initializing ProtocolHandler ["http-nio-8080"]
[INFO ] 2020-04-14 18:07:56 [restartedMain] [o.a.catalina.core.StandardService] ====message: Starting service [Tomcat]
[INFO ] 2020-04-14 18:07:56 [restartedMain] [o.a.catalina.core.StandardEngine] ====message: Starting Servlet engine: [Apache Tomcat/9.0.33]
[INFO ] 2020-04-14 18:07:56 [restartedMain] [o.a.c.c.C.[Tomcat-3].[localhost].[/]] ====message: Initializing Spring embedded WebApplicationContext
[INFO ] 2020-04-14 18:07:56 [restartedMain] [o.s.web.context.ContextLoader] ====message: Root WebApplicationContext: initialization completed in 402 ms
[INFO ] 2020-04-14 18:07:56 [restartedMain] [o.s.s.c.ThreadPoolTaskExecutor] ====message: Initializing ExecutorService 'applicationTaskExecutor'
[INFO ] 2020-04-14 18:07:56 [restartedMain] [o.s.b.a.w.s.WelcomePageHandlerMapping] ====message: Adding welcome page template: index
[INFO ] 2020-04-14 18:07:56 [restartedMain] [o.s.b.d.a.OptionalLiveReloadServer] ====message: LiveReload server is running on port 35729
[INFO ] 2020-04-14 18:07:56 [restartedMain] [o.a.coyote.http11.Http11NioProtocol] ====message: Starting ProtocolHandler ["http-nio-8080"]
[INFO ] 2020-04-14 18:07:56 [restartedMain] [o.s.b.w.e.tomcat.TomcatWebServer] ====message: Tomcat started on port(s): 8080 (http) with context path ''
[INFO ] 2020-04-14 18:07:56 [restartedMain] [com.cognizant.ams.EmailApplication] ====message: Started EmailApplication in 0.721 seconds (JVM running for 28563.047)
[INFO ] 2020-04-14 18:07:56 [restartedMain] [o.s.b.d.a.ConditionEvaluationDeltaLoggingListener] ====message: Condition evaluation unchanged
